#
# A fatal error has been detected by the Java Runtime Environment:
#
#  SIGSEGV (0xb) at pc=0x000075d7a14200fc, pid=57049, tid=57065
#
# JRE version: OpenJDK Runtime Environment JBR-21.0.6+8-631.39-jcef (21.0.6+8) (build 21.0.6+8-b631.39)
# Java VM: OpenJDK 64-Bit Server VM JBR-21.0.6+8-631.39-jcef (21.0.6+8-b631.39, mixed mode, sharing, tiered, compressed oops, compressed class ptrs, g1 gc, linux-amd64)
# Problematic frame:
# V  [libjvm.so+0xb910fc]  PhaseLive::add_liveout(Block_List&, Block*, IndexSet*, VectorSet&)+0x12c
#
# Core dump will be written. Default location: Core dumps may be processed with "/usr/share/apport/apport -p%p -s%s -c%c -d%d -P%P -u%u -g%g -- %E" (or dumping to /home/halva/IdeaProjects/Foodordering/core.57049)
#
# If you would like to submit a bug report, please visit:
#   https://youtrack.jetbrains.com/issues/JBR
#

---------------  S U M M A R Y ------------

Command Line: -Djava.rmi.server.hostname=127.0.0.1 -Duser.timezone=UTC -Xmx2048m -Xms128m -Djdbc.classpath=/tmp/RemoteDriver8.classpath.txt --add-exports=java.desktop/sun.awt=ALL-UNNAMED --add-exports=java.desktop/java.awt.peer=ALL-UNNAMED --add-opens=java.desktop/java.awt=ALL-UNNAMED --add-opens=jdk.unsupported/sun.misc=ALL-UNNAMED --add-opens=java.base/java.nio=ALL-UNNAMED --add-opens=java.base/java.util=ALL-UNNAMED -Dfile.encoding=UTF-8 -Dsun.stdout.encoding=UTF-8 -Dsun.stderr.encoding=UTF-8 -Dawt.toolkit.name=XToolkit com.intellij.database.remote.RemoteJdbcServer org.postgresql.Driver

Host: AMD Ryzen 7 5700U with Radeon Graphics, 16 cores, 13G, Ubuntu 24.04.2 LTS
Time: Sat Mar  8 23:35:58 2025 +03 elapsed time: 1.938602 seconds (0d 0h 0m 1s)

---------------  T H R E A D  ---------------

Current thread (0x000075d79c15d240):  JavaThread "C2 CompilerThread0" daemon [_thread_in_native, id=57065, stack(0x000075d77df00000,0x000075d77e000000) (1024K)]


Current CompileTask:
C2:1938 1586 % !   4       com.sun.crypto.provider.PBKDF2KeyImpl::deriveKey @ 198 (302 bytes)

Stack: [0x000075d77df00000,0x000075d77e000000],  sp=0x000075d77dffc0f0,  free space=1008k
Native frames: (J=compiled Java code, j=interpreted, Vv=VM code, C=native code)
V  [libjvm.so+0xb910fc]  PhaseLive::add_liveout(Block_List&, Block*, IndexSet*, VectorSet&)+0x12c
V  [libjvm.so+0xb91b0b]  PhaseLive::compute(unsigned int)+0x61b
V  [libjvm.so+0x5ca183]  PhaseChaitin::Register_Allocate()+0x643
V  [libjvm.so+0x672499]  Compile::Code_Gen()+0x349
V  [libjvm.so+0x676696]  Compile::Compile(ciEnv*, ciMethod*, int, Options, DirectiveSet*)+0x1596
V  [libjvm.so+0x59c19f]  C2Compiler::compile_method(ciEnv*, ciMethod*, int, bool, DirectiveSet*)+0x16f
V  [libjvm.so+0x67c3b4]  CompileBroker::invoke_compiler_on_method(CompileTask*)+0xac4
V  [libjvm.so+0x67f314]  CompileBroker::compiler_thread_loop()+0x664
V  [libjvm.so+0x92aa0f]  JavaThread::thread_main_inner() [clone .part.0]+0xaf
V  [libjvm.so+0xf767a8]  Thread::call_run()+0xa8
V  [libjvm.so+0xd0444a]  thread_native_entry(Thread*)+0xda
C  [libc.so.6+0x9caa4]

siginfo: si_signo: 11 (SIGSEGV), si_code: 1 (SEGV_MAPERR), si_addr: 0x000075d3a1da1c80

Registers:
RAX=0x000075d3a1da1c80, RBX=0x0000000000000000, RCX=0x0000000000000001, RDX=0x0000000000000000
RSP=0x000075d77dffc0f0, RBP=0x000075d77dffc190, RSI=0x0000000000000001, RDI=0x0000000000000000
R8 =0x0000000000000002, R9 =0x0000000000000002, R10=0x000075d6901e1f88, R11=0x000075d6d4075580
R12=0x000075d77dffc3f0, R13=0x000075d6f066d320, R14=0x000075d6f06253a0, R15=0x000075d6901e0e48
RIP=0x000075d7a14200fc, EFLAGS=0x0000000000010202, CSGSFS=0x002b000000000033, ERR=0x0000000000000004
  TRAPNO=0x000000000000000e

XMM[0]=0x0000000000000000 0x0000000000000000
XMM[1]=0x45511568222a550a 0xb45511568222a554
XMM[2]=0x000075d6ec0ce4d0 0x000075d6ec0cd890
XMM[3]=0x000075d6540f6100 0x000075d6540f4d20
XMM[4]=0x0000000000000000 0x000075d6f0000090
XMM[5]=0x000075d6f00f6290 0x000075d6f00f5510
XMM[6]=0x000075d6f00f2a90 0x000075d6f00f1d10
XMM[7]=0x000075d6540fa700 0x000075d6540f9460
XMM[8]=0x000075d6f00f5470 0x000075d6f00f5150
XMM[9]=0x0000000000000000 0x4008000000000000
XMM[10]=0x0000000000000000 0x46293e5939a08cea
XMM[11]=0x0000000000000000 0x4376345785d8a000
XMM[12]=0xc19bf1749bdc06a7 0x80deb1fe72be5d74
XMM[13]=0x550c7dc3243185be 0x12835b01d807aa98
XMM[14]=0xab1c5ed5923f82a4 0x59f111f13956c25b
XMM[15]=0x0000000000000000 0x0000000000000000
  MXCSR=0x00001fa0


Register to memory mapping:

RAX=0x000075d3a1da1c80 is an unknown value
RBX=0x0 is null
RCX=0x0000000000000001 is an unknown value
RDX=0x0 is null
RSP=0x000075d77dffc0f0 is pointing into the stack for thread: 0x000075d79c15d240
RBP=0x000075d77dffc190 is pointing into the stack for thread: 0x000075d79c15d240
RSI=0x0000000000000001 is an unknown value
RDI=0x0 is null
R8 =0x0000000000000002 is an unknown value
R9 =0x0000000000000002 is an unknown value
R10=0x000075d6901e1f88 points into unknown readable memory: 0x0000001600000021 | 21 00 00 00 16 00 00 00
R11=0x000075d6d4075580 points into unknown readable memory: 0x000000000000000a | 0a 00 00 00 00 00 00 00
R12=0x000075d77dffc3f0 is pointing into the stack for thread: 0x000075d79c15d240
R13=0x000075d6f066d320 points into unknown readable memory: 0x0000000000000000 | 00 00 00 00 00 00 00 00
R14=0x000075d6f06253a0 points into unknown readable memory: 0x0000000100000001 | 01 00 00 00 01 00 00 00
R15=0x000075d6901e0e48 points into unknown readable memory: 0x0000000000000000 | 00 00 00 00 00 00 00 00

Top of Stack: (sp=0x000075d77dffc0f0)
0x000075d77dffc0f0:   0000000000007fd8 000075d77dffc220
0x000075d77dffc100:   000075d77dffc240 0000000000000000
0x000075d77dffc110:   0100000000000001 0000000000000000
0x000075d77dffc120:   000075d690119570 000075d77dffc130
0x000075d77dffc130:   0000000000000004 0000000100000001
0x000075d77dffc140:   0000001600000001 000075d6d4075580
0x000075d77dffc150:   000075d6901e2028 000075d6901e1f88
0x000075d77dffc160:   000075d77dffc190 000075d690119570
0x000075d77dffc170:   0000000000000001 000075d77dffc240
0x000075d77dffc180:   000075d77dffc3f0 000075d690119480
0x000075d77dffc190:   000075d77dffc290 000075d7a1420b0b
0x000075d77dffc1a0:   0000000000000000 000075d6f06643e0
0x000075d77dffc1b0:   000000000014f548 000075d6f06643e0
0x000075d77dffc1c0:   000075d79c15b630 000075d6f06543d0
0x000075d77dffc1d0:   000075d77dffc240 000075d6f066d3c0
0x000075d77dffc1e0:   0000000000000988 0000000000000000
0x000075d77dffc1f0:   000075d6901e1f88 000075d600000001
0x000075d77dffc200:   0000000000000008 0000000000400000
0x000075d77dffc210:   000075d6f066d3c0 000075d77dffc220
0x000075d77dffc220:   000075d700000008 000075d79c15b630
0x000075d77dffc230:   000075d6542a0f90 ffffffff00000000
0x000075d77dffc240:   000075d600000020 000075d6cc02a2a0
0x000075d77dffc250:   000075d600000020 000075d79c15b630
0x000075d77dffc260:   000075d77dffc350 000075d77dffc3f0
0x000075d77dffc270:   000075d77dffc320 000075d77dffc450
0x000075d77dffc280:   000075d77dffc350 000075d77dffc660
0x000075d77dffc290:   000075d77dffc540 000075d7a0e59183
0x000075d77dffc2a0:   000075d77c30e020 000075d77dffc320
0x000075d77dffc2b0:   000075d77dffc2f0 000075d77dffc390
0x000075d77dffc2c0:   000075d77dffc320 000075d654001400
0x000075d77dffc2d0:   000075d654001410 000075d6540017e8
0x000075d77dffc2e0:   00000000000003d8 000075d7a19c80e4 

Instructions: (pc=0x000075d7a14200fc)
0x000075d7a141fffc:   20 44 8d 70 ff 48 8b 47 28 48 89 b5 68 ff ff ff
0x000075d7a142000c:   4a 8b 04 f0 48 89 45 88 49 89 c0 48 85 c0 0f 84
0x000075d7a142001c:   70 02 00 00 8b 13 85 d2 0f 84 19 01 00 00 4b 8d
0x000075d7a142002c:   04 b6 48 8d 7d a0 48 c7 45 a0 00 00 00 00 48 c1
0x000075d7a142003c:   e0 05 c7 45 b0 00 00 00 00 4d 8d 74 05 00 4d 8d
0x000075d7a142004c:   2c 07 48 89 5d c8 4d 89 c7 48 b8 00 00 00 00 04
0x000075d7a142005c:   00 00 00 48 c7 45 b8 00 00 00 00 48 89 45 a8 8b
0x000075d7a142006c:   43 04 48 89 7d 98 89 45 b4 48 8b 43 08 48 89 45
0x000075d7a142007c:   c0 31 c0 e9 8a 00 00 00 0f 1f 40 00 31 c9 f3 48
0x000075d7a142008c:   0f bc c8 48 d3 e8 03 4d a8 48 8d 50 ff 89 4d a8
0x000075d7a142009c:   48 89 55 a0 85 c9 0f 84 98 00 00 00 49 8b 46 08
0x000075d7a14200ac:   89 ca c1 ea 08 48 8b 04 d0 48 3b 05 e4 9c 93 00
0x000075d7a14200bc:   0f 84 be 00 00 00 89 cb 41 b8 01 00 00 00 89 ce
0x000075d7a14200cc:   c1 eb 06 49 d3 e0 83 e6 3f 83 e3 03 4d 89 c1 48
0x000075d7a14200dc:   c1 e3 03 48 01 d8 48 8b 38 49 09 f9 4c 89 08 49
0x000075d7a14200ec:   85 f8 75 1a 41 83 06 01 49 8b 45 08 48 8b 04 d0
0x000075d7a14200fc:   48 8b 04 18 48 0f a3 f0 0f 83 ce 00 00 00 48 8b
0x000075d7a142010c:   45 a0 48 85 c0 0f 85 71 ff ff ff 83 7d ac 03 76
0x000075d7a142011c:   08 8b 45 b4 39 45 b0 73 1b 48 8b 7d 98 e8 a2 bd
0x000075d7a142012c:   d4 ff 89 c1 85 c9 0f 85 70 ff ff ff 0f 1f 84 00
0x000075d7a142013c:   00 00 00 00 4d 89 f8 41 8b 00 85 c0 0f 84 c2 00
0x000075d7a142014c:   00 00 48 8b 45 90 48 83 7d 88 00 8b 40 4c 8d 50
0x000075d7a142015c:   ff 49 8b 44 24 28 4c 89 04 d0 0f 84 c4 00 00 00
0x000075d7a142016c:   48 83 c4 78 5b 41 5c 41 5d 41 5e 41 5f 5d c3 0f
0x000075d7a142017c:   1f 44 00 00 89 ce 4c 89 f7 48 89 95 78 ff ff ff
0x000075d7a142018c:   89 4d 80 e8 cc b7 d4 ff 8b 4d 80 41 b8 01 00 00
0x000075d7a142019c:   00 48 8b 95 78 ff ff ff 89 cb 49 d3 e0 89 ce c1
0x000075d7a14201ac:   eb 06 83 e6 3f 83 e3 03 48 c1 e3 03 48 01 d8 48
0x000075d7a14201bc:   8b 38 49 89 f9 4d 09 c1 4c 85 c7 4c 89 08 0f 84
0x000075d7a14201cc:   20 ff ff ff e9 35 ff ff ff 0f 1f 00 49 8b 47 08
0x000075d7a14201dc:   48 8b 04 d0 48 3b 05 b9 9b 93 00 0f 84 f3 00 00
0x000075d7a14201ec:   00 48 01 d8 48 8b 10 48 89 d1 4c 09 c1 48 89 08 


Stack slot to memory mapping:

stack at sp + 0 slots: 0x0000000000007fd8 is an unknown value
stack at sp + 1 slots: 0x000075d77dffc220 is pointing into the stack for thread: 0x000075d79c15d240
stack at sp + 2 slots: 0x000075d77dffc240 is pointing into the stack for thread: 0x000075d79c15d240
stack at sp + 3 slots: 0x0 is null
stack at sp + 4 slots: 0x0100000000000001 is an unknown value
stack at sp + 5 slots: 0x0 is null
stack at sp + 6 slots: 0x000075d690119570 points into unknown readable memory: 0x000075d7a1c883f0 | f0 83 c8 a1 d7 75 00 00
stack at sp + 7 slots: 0x000075d77dffc130 is pointing into the stack for thread: 0x000075d79c15d240


---------------  P R O C E S S  ---------------

Threads class SMR info:
_java_thread_list=0x000075d690179f60, length=25, elements={
0x000075d79c02c390, 0x000075d79c155de0, 0x000075d79c157340, 0x000075d79c158ad0,
0x000075d79c15a100, 0x000075d79c15b690, 0x000075d79c15d240, 0x000075d79c15e8f0,
0x000075d6ec063ed0, 0x000075d79c19bc00, 0x000075d79c19d810, 0x000075d6e40f8ef0,
0x000075d6e40fa240, 0x000075d79c362830, 0x000075d79c368b50, 0x000075d79c369df0,
0x000075d79c36bca0, 0x000075d6c0001750, 0x000075d6c0002890, 0x000075d6a8018e00,
0x000075d6bc001120, 0x000075d6bc002340, 0x000075d6900103b0, 0x000075d6cc010360,
0x000075d6901794a0
}

Java Threads: ( => current thread )
  0x000075d79c02c390 JavaThread "main"                              [_thread_blocked, id=57052, stack(0x000075d7a06a6000,0x000075d7a07a6000) (1024K)]
  0x000075d79c155de0 JavaThread "Reference Handler"          daemon [_thread_blocked, id=57060, stack(0x000075d7847d2000,0x000075d7848d2000) (1024K)]
  0x000075d79c157340 JavaThread "Finalizer"                  daemon [_thread_blocked, id=57061, stack(0x000075d784300000,0x000075d784400000) (1024K)]
  0x000075d79c158ad0 JavaThread "Signal Dispatcher"          daemon [_thread_blocked, id=57062, stack(0x000075d784200000,0x000075d784300000) (1024K)]
  0x000075d79c15a100 JavaThread "Service Thread"             daemon [_thread_blocked, id=57063, stack(0x000075d784100000,0x000075d784200000) (1024K)]
  0x000075d79c15b690 JavaThread "Monitor Deflation Thread"   daemon [_thread_blocked, id=57064, stack(0x000075d784000000,0x000075d784100000) (1024K)]
=>0x000075d79c15d240 JavaThread "C2 CompilerThread0"         daemon [_thread_in_native, id=57065, stack(0x000075d77df00000,0x000075d77e000000) (1024K)]
  0x000075d79c15e8f0 JavaThread "C1 CompilerThread0"         daemon [_thread_in_native, id=57066, stack(0x000075d77de00000,0x000075d77df00000) (1024K)]
  0x000075d6ec063ed0 JavaThread "C1 CompilerThread1"         daemon [_thread_in_native, id=57067, stack(0x000075d77dd00000,0x000075d77de00000) (1024K)]
  0x000075d79c19bc00 JavaThread "Common-Cleaner"             daemon [_thread_blocked, id=57068, stack(0x000075d77dc00000,0x000075d77dd00000) (1024K)]
  0x000075d79c19d810 JavaThread "Notification Thread"        daemon [_thread_blocked, id=57069, stack(0x000075d77db00000,0x000075d77dc00000) (1024K)]
  0x000075d6e40f8ef0 JavaThread "C1 CompilerThread2"         daemon [_thread_blocked, id=57075, stack(0x000075d77d900000,0x000075d77da00000) (1024K)]
  0x000075d6e40fa240 JavaThread "C1 CompilerThread3"         daemon [_thread_in_native, id=57076, stack(0x000075d77d800000,0x000075d77d900000) (1024K)]
  0x000075d79c362830 JavaThread "RMI TCP Accept-60089"       daemon [_thread_in_native, id=57077, stack(0x000075d77d700000,0x000075d77d800000) (1024K)]
  0x000075d79c368b50 JavaThread "RMI TCP Accept-0"           daemon [_thread_in_native, id=57078, stack(0x000075d77d600000,0x000075d77d700000) (1024K)]
  0x000075d79c369df0 JavaThread "RMI Reaper"                        [_thread_blocked, id=57079, stack(0x000075d77d500000,0x000075d77d600000) (1024K)]
  0x000075d79c36bca0 JavaThread "RMI GC Daemon"              daemon [_thread_blocked, id=57080, stack(0x000075d77d400000,0x000075d77d500000) (1024K)]
  0x000075d6c0001750 JavaThread "RMI TCP Connection(1)-127.0.0.1" daemon [_thread_in_native, id=57081, stack(0x000075d77d300000,0x000075d77d400000) (1024K)]
  0x000075d6c0002890 JavaThread "RMI TCP Connection(2)-127.0.0.1" daemon [_thread_in_native, id=57082, stack(0x000075d77d200000,0x000075d77d300000) (1024K)]
  0x000075d6a8018e00 JavaThread "RMI Scheduler(0)"           daemon [_thread_blocked, id=57083, stack(0x000075d77d100000,0x000075d77d200000) (1024K)]
  0x000075d6bc001120 JavaThread "RMI TCP Connection(3)-127.0.0.1" daemon [_thread_in_native, id=57085, stack(0x000075d77d000000,0x000075d77d100000) (1024K)]
  0x000075d6bc002340 JavaThread "RMI TCP Connection(4)-127.0.0.1" daemon [_thread_in_Java, id=57086, stack(0x000075d77cf00000,0x000075d77d000000) (1024K)]
  0x000075d6900103b0 JavaThread "RMI RenewClean-[127.0.0.1:40501]" daemon [_thread_blocked, id=57087, stack(0x000075d77ce00000,0x000075d77cf00000) (1024K)]
  0x000075d6cc010360 JavaThread "C2 CompilerThread1"         daemon [_thread_in_native, id=57097, stack(0x000075d77da00000,0x000075d77db00000) (1024K)]
  0x000075d6901794a0 JavaThread "PostgreSQL-JDBC-Cleaner"    daemon [_thread_blocked, id=57100, stack(0x000075d77c3f7000,0x000075d77c4f7000) (1024K)]
Total: 25

Other Threads:
  0x000075d79c14bb80 VMThread "VM Thread"                           [id=57059, stack(0x000075d7848d3000,0x000075d7849d3000) (1024K)]
  0x000075d79c139a80 WatcherThread "VM Periodic Task Thread"        [id=57058, stack(0x000075d7849d4000,0x000075d784ad4000) (1024K)]
  0x000075d79c067230 WorkerThread "GC Thread#0"                     [id=57053, stack(0x000075d785d00000,0x000075d785e00000) (1024K)]
  0x000075d714009640 WorkerThread "GC Thread#1"                     [id=57088, stack(0x000075d77cd00000,0x000075d77ce00000) (1024K)]
  0x000075d714009e70 WorkerThread "GC Thread#2"                     [id=57089, stack(0x000075d77cbff000,0x000075d77ccff000) (1024K)]
  0x000075d71400a790 WorkerThread "GC Thread#3"                     [id=57090, stack(0x000075d77cafe000,0x000075d77cbfe000) (1024K)]
  0x000075d714013ab0 WorkerThread "GC Thread#4"                     [id=57091, stack(0x000075d77c9fd000,0x000075d77cafd000) (1024K)]
  0x000075d714014500 WorkerThread "GC Thread#5"                     [id=57092, stack(0x000075d77c8fc000,0x000075d77c9fc000) (1024K)]
  0x000075d714015010 WorkerThread "GC Thread#6"                     [id=57093, stack(0x000075d77c7fb000,0x000075d77c8fb000) (1024K)]
  0x000075d714015b20 WorkerThread "GC Thread#7"                     [id=57094, stack(0x000075d77c6fa000,0x000075d77c7fa000) (1024K)]
  0x000075d714016630 WorkerThread "GC Thread#8"                     [id=57095, stack(0x000075d77c5f9000,0x000075d77c6f9000) (1024K)]
  0x000075d714017180 WorkerThread "GC Thread#9"                     [id=57096, stack(0x000075d77c4f8000,0x000075d77c5f8000) (1024K)]
  0x000075d79c078860 ConcurrentGCThread "G1 Main Marker"            [id=57054, stack(0x000075d785bff000,0x000075d785cff000) (1024K)]
  0x000075d79c079800 WorkerThread "G1 Conc#0"                       [id=57055, stack(0x000075d785afe000,0x000075d785bfe000) (1024K)]
  0x000075d79c125c30 ConcurrentGCThread "G1 Refine#0"               [id=57056, stack(0x000075d784cf0000,0x000075d784df0000) (1024K)]
  0x000075d79c126be0 ConcurrentGCThread "G1 Service"                [id=57057, stack(0x000075d784bef000,0x000075d784cef000) (1024K)]
Total: 16

Threads with active compile tasks:
C2 CompilerThread0  1952 1586 % !   4       com.sun.crypto.provider.PBKDF2KeyImpl::deriveKey @ 198 (302 bytes)
C1 CompilerThread0  1952 1969       3       java.lang.reflect.ProxyGenerator$ProxyMethod::codeWrapArgument (54 bytes)
C1 CompilerThread3  1952 1967   !   3       java.lang.Class::getTypeName (46 bytes)
C2 CompilerThread1  1952 1824       4       jdk.internal.org.objectweb.asm.Frame::merge (317 bytes)
Total: 4

VM state: not at safepoint (normal execution)

VM Mutex/Monitor currently owned by a thread: None

Heap address: 0x0000000080000000, size: 2048 MB, Compressed Oops mode: 32-bit

CDS archive(s) mapped at: [0x000075d727000000-0x000075d727d2e000-0x000075d727d2e000), size 13819904, SharedBaseAddress: 0x000075d727000000, ArchiveRelocationMode: 1.
Compressed class space mapped at: 0x000075d728000000-0x000075d768000000, reserved size: 1073741824
Narrow klass base: 0x000075d727000000, Narrow klass shift: 0, Narrow klass range: 0x100000000

GC Precious Log:
 CardTable entry size: 512
 Card Set container configuration: InlinePtr #cards 5 size 8 Array Of Cards #cards 12 size 40 Howl #buckets 4 coarsen threshold 1843 Howl Bitmap #cards 512 size 80 coarsen threshold 460 Card regions per heap region 1 cards per card region 2048
 CPUs: 16 total, 16 available
 Memory: 13833M
 Large Page Support: Disabled
 NUMA Support: Disabled
 Compressed Oops: Enabled (32-bit)
 Heap Region Size: 1M
 Heap Min Capacity: 128M
 Heap Initial Capacity: 128M
 Heap Max Capacity: 2G
 Pre-touch: Disabled
 Parallel Workers: 13
 Concurrent Workers: 3
 Concurrent Refinement Workers: 13
 Periodic GC: Disabled

Heap:
 garbage-first heap   total 133120K, used 19788K [0x0000000080000000, 0x0000000100000000)
  region size 1024K, 15 young (15360K), 3 survivors (3072K)
 Metaspace       used 11774K, committed 12224K, reserved 1114112K
  class space    used 1388K, committed 1600K, reserved 1048576K

Heap Regions: E=young(eden), S=young(survivor), O=old, HS=humongous(starts), HC=humongous(continues), CS=collection set, F=free, TAMS=top-at-mark-start, PB=parsable bottom
|   0|0x0000000080000000, 0x0000000080100000, 0x0000000080100000|100%|HS|  |TAMS 0x0000000080000000| PB 0x0000000080000000| Complete 
|   1|0x0000000080100000, 0x0000000080200000, 0x0000000080200000|100%|HC|  |TAMS 0x0000000080100000| PB 0x0000000080100000| Complete 
|   2|0x0000000080200000, 0x0000000080300000, 0x0000000080300000|100%|HS|  |TAMS 0x0000000080200000| PB 0x0000000080200000| Complete 
|   3|0x0000000080300000, 0x0000000080400000, 0x0000000080400000|100%|HS|  |TAMS 0x0000000080300000| PB 0x0000000080300000| Complete 
|   4|0x0000000080400000, 0x0000000080500000, 0x0000000080500000|100%| O|  |TAMS 0x0000000080400000| PB 0x0000000080400000| Untracked 
|   5|0x0000000080500000, 0x0000000080547800, 0x0000000080600000| 27%| O|  |TAMS 0x0000000080500000| PB 0x0000000080500000| Untracked 
|   6|0x0000000080600000, 0x0000000080600000, 0x0000000080700000|  0%| F|  |TAMS 0x0000000080600000| PB 0x0000000080600000| Untracked 
|   7|0x0000000080700000, 0x0000000080700000, 0x0000000080800000|  0%| F|  |TAMS 0x0000000080700000| PB 0x0000000080700000| Untracked 
|   8|0x0000000080800000, 0x0000000080800000, 0x0000000080900000|  0%| F|  |TAMS 0x0000000080800000| PB 0x0000000080800000| Untracked 
|   9|0x0000000080900000, 0x0000000080900000, 0x0000000080a00000|  0%| F|  |TAMS 0x0000000080900000| PB 0x0000000080900000| Untracked 
|  10|0x0000000080a00000, 0x0000000080a00000, 0x0000000080b00000|  0%| F|  |TAMS 0x0000000080a00000| PB 0x0000000080a00000| Untracked 
|  11|0x0000000080b00000, 0x0000000080b00000, 0x0000000080c00000|  0%| F|  |TAMS 0x0000000080b00000| PB 0x0000000080b00000| Untracked 
|  12|0x0000000080c00000, 0x0000000080c00000, 0x0000000080d00000|  0%| F|  |TAMS 0x0000000080c00000| PB 0x0000000080c00000| Untracked 
|  13|0x0000000080d00000, 0x0000000080d00000, 0x0000000080e00000|  0%| F|  |TAMS 0x0000000080d00000| PB 0x0000000080d00000| Untracked 
|  14|0x0000000080e00000, 0x0000000080e00000, 0x0000000080f00000|  0%| F|  |TAMS 0x0000000080e00000| PB 0x0000000080e00000| Untracked 
|  15|0x0000000080f00000, 0x0000000080f00000, 0x0000000081000000|  0%| F|  |TAMS 0x0000000080f00000| PB 0x0000000080f00000| Untracked 
|  16|0x0000000081000000, 0x0000000081000000, 0x0000000081100000|  0%| F|  |TAMS 0x0000000081000000| PB 0x0000000081000000| Untracked 
|  17|0x0000000081100000, 0x0000000081100000, 0x0000000081200000|  0%| F|  |TAMS 0x0000000081100000| PB 0x0000000081100000| Untracked 
|  18|0x0000000081200000, 0x0000000081200000, 0x0000000081300000|  0%| F|  |TAMS 0x0000000081200000| PB 0x0000000081200000| Untracked 
|  19|0x0000000081300000, 0x0000000081300000, 0x0000000081400000|  0%| F|  |TAMS 0x0000000081300000| PB 0x0000000081300000| Untracked 
|  20|0x0000000081400000, 0x0000000081400000, 0x0000000081500000|  0%| F|  |TAMS 0x0000000081400000| PB 0x0000000081400000| Untracked 
|  21|0x0000000081500000, 0x0000000081500000, 0x0000000081600000|  0%| F|  |TAMS 0x0000000081500000| PB 0x0000000081500000| Untracked 
|  22|0x0000000081600000, 0x0000000081600000, 0x0000000081700000|  0%| F|  |TAMS 0x0000000081600000| PB 0x0000000081600000| Untracked 
|  23|0x0000000081700000, 0x0000000081700000, 0x0000000081800000|  0%| F|  |TAMS 0x0000000081700000| PB 0x0000000081700000| Untracked 
|  24|0x0000000081800000, 0x0000000081800000, 0x0000000081900000|  0%| F|  |TAMS 0x0000000081800000| PB 0x0000000081800000| Untracked 
|  25|0x0000000081900000, 0x0000000081900000, 0x0000000081a00000|  0%| F|  |TAMS 0x0000000081900000| PB 0x0000000081900000| Untracked 
|  26|0x0000000081a00000, 0x0000000081a00000, 0x0000000081b00000|  0%| F|  |TAMS 0x0000000081a00000| PB 0x0000000081a00000| Untracked 
|  27|0x0000000081b00000, 0x0000000081b00000, 0x0000000081c00000|  0%| F|  |TAMS 0x0000000081b00000| PB 0x0000000081b00000| Untracked 
|  28|0x0000000081c00000, 0x0000000081c00000, 0x0000000081d00000|  0%| F|  |TAMS 0x0000000081c00000| PB 0x0000000081c00000| Untracked 
|  29|0x0000000081d00000, 0x0000000081d00000, 0x0000000081e00000|  0%| F|  |TAMS 0x0000000081d00000| PB 0x0000000081d00000| Untracked 
|  30|0x0000000081e00000, 0x0000000081e00000, 0x0000000081f00000|  0%| F|  |TAMS 0x0000000081e00000| PB 0x0000000081e00000| Untracked 
|  31|0x0000000081f00000, 0x0000000081f00000, 0x0000000082000000|  0%| F|  |TAMS 0x0000000081f00000| PB 0x0000000081f00000| Untracked 
|  32|0x0000000082000000, 0x0000000082000000, 0x0000000082100000|  0%| F|  |TAMS 0x0000000082000000| PB 0x0000000082000000| Untracked 
|  33|0x0000000082100000, 0x0000000082100000, 0x0000000082200000|  0%| F|  |TAMS 0x0000000082100000| PB 0x0000000082100000| Untracked 
|  34|0x0000000082200000, 0x0000000082200000, 0x0000000082300000|  0%| F|  |TAMS 0x0000000082200000| PB 0x0000000082200000| Untracked 
|  35|0x0000000082300000, 0x0000000082300000, 0x0000000082400000|  0%| F|  |TAMS 0x0000000082300000| PB 0x0000000082300000| Untracked 
|  36|0x0000000082400000, 0x0000000082400000, 0x0000000082500000|  0%| F|  |TAMS 0x0000000082400000| PB 0x0000000082400000| Untracked 
|  37|0x0000000082500000, 0x0000000082500000, 0x0000000082600000|  0%| F|  |TAMS 0x0000000082500000| PB 0x0000000082500000| Untracked 
|  38|0x0000000082600000, 0x0000000082600000, 0x0000000082700000|  0%| F|  |TAMS 0x0000000082600000| PB 0x0000000082600000| Untracked 
|  39|0x0000000082700000, 0x0000000082700000, 0x0000000082800000|  0%| F|  |TAMS 0x0000000082700000| PB 0x0000000082700000| Untracked 
|  40|0x0000000082800000, 0x0000000082800000, 0x0000000082900000|  0%| F|  |TAMS 0x0000000082800000| PB 0x0000000082800000| Untracked 
|  41|0x0000000082900000, 0x0000000082900000, 0x0000000082a00000|  0%| F|  |TAMS 0x0000000082900000| PB 0x0000000082900000| Untracked 
|  42|0x0000000082a00000, 0x0000000082a00000, 0x0000000082b00000|  0%| F|  |TAMS 0x0000000082a00000| PB 0x0000000082a00000| Untracked 
|  43|0x0000000082b00000, 0x0000000082b00000, 0x0000000082c00000|  0%| F|  |TAMS 0x0000000082b00000| PB 0x0000000082b00000| Untracked 
|  44|0x0000000082c00000, 0x0000000082c00000, 0x0000000082d00000|  0%| F|  |TAMS 0x0000000082c00000| PB 0x0000000082c00000| Untracked 
|  45|0x0000000082d00000, 0x0000000082d00000, 0x0000000082e00000|  0%| F|  |TAMS 0x0000000082d00000| PB 0x0000000082d00000| Untracked 
|  46|0x0000000082e00000, 0x0000000082e00000, 0x0000000082f00000|  0%| F|  |TAMS 0x0000000082e00000| PB 0x0000000082e00000| Untracked 
|  47|0x0000000082f00000, 0x0000000082f00000, 0x0000000083000000|  0%| F|  |TAMS 0x0000000082f00000| PB 0x0000000082f00000| Untracked 
|  48|0x0000000083000000, 0x0000000083000000, 0x0000000083100000|  0%| F|  |TAMS 0x0000000083000000| PB 0x0000000083000000| Untracked 
|  49|0x0000000083100000, 0x0000000083100000, 0x0000000083200000|  0%| F|  |TAMS 0x0000000083100000| PB 0x0000000083100000| Untracked 
|  50|0x0000000083200000, 0x0000000083200000, 0x0000000083300000|  0%| F|  |TAMS 0x0000000083200000| PB 0x0000000083200000| Untracked 
|  51|0x0000000083300000, 0x0000000083300000, 0x0000000083400000|  0%| F|  |TAMS 0x0000000083300000| PB 0x0000000083300000| Untracked 
|  52|0x0000000083400000, 0x0000000083400000, 0x0000000083500000|  0%| F|  |TAMS 0x0000000083400000| PB 0x0000000083400000| Untracked 
|  53|0x0000000083500000, 0x0000000083500000, 0x0000000083600000|  0%| F|  |TAMS 0x0000000083500000| PB 0x0000000083500000| Untracked 
|  54|0x0000000083600000, 0x0000000083600000, 0x0000000083700000|  0%| F|  |TAMS 0x0000000083600000| PB 0x0000000083600000| Untracked 
|  55|0x0000000083700000, 0x0000000083700000, 0x0000000083800000|  0%| F|  |TAMS 0x0000000083700000| PB 0x0000000083700000| Untracked 
|  56|0x0000000083800000, 0x0000000083800000, 0x0000000083900000|  0%| F|  |TAMS 0x0000000083800000| PB 0x0000000083800000| Untracked 
|  57|0x0000000083900000, 0x0000000083900000, 0x0000000083a00000|  0%| F|  |TAMS 0x0000000083900000| PB 0x0000000083900000| Untracked 
|  58|0x0000000083a00000, 0x0000000083a00000, 0x0000000083b00000|  0%| F|  |TAMS 0x0000000083a00000| PB 0x0000000083a00000| Untracked 
|  59|0x0000000083b00000, 0x0000000083b00000, 0x0000000083c00000|  0%| F|  |TAMS 0x0000000083b00000| PB 0x0000000083b00000| Untracked 
|  60|0x0000000083c00000, 0x0000000083c00000, 0x0000000083d00000|  0%| F|  |TAMS 0x0000000083c00000| PB 0x0000000083c00000| Untracked 
|  61|0x0000000083d00000, 0x0000000083d00000, 0x0000000083e00000|  0%| F|  |TAMS 0x0000000083d00000| PB 0x0000000083d00000| Untracked 
|  62|0x0000000083e00000, 0x0000000083e00000, 0x0000000083f00000|  0%| F|  |TAMS 0x0000000083e00000| PB 0x0000000083e00000| Untracked 
|  63|0x0000000083f00000, 0x0000000083f00000, 0x0000000084000000|  0%| F|  |TAMS 0x0000000083f00000| PB 0x0000000083f00000| Untracked 
|  64|0x0000000084000000, 0x0000000084000000, 0x0000000084100000|  0%| F|  |TAMS 0x0000000084000000| PB 0x0000000084000000| Untracked 
|  65|0x0000000084100000, 0x0000000084100000, 0x0000000084200000|  0%| F|  |TAMS 0x0000000084100000| PB 0x0000000084100000| Untracked 
|  66|0x0000000084200000, 0x0000000084200000, 0x0000000084300000|  0%| F|  |TAMS 0x0000000084200000| PB 0x0000000084200000| Untracked 
|  67|0x0000000084300000, 0x0000000084300000, 0x0000000084400000|  0%| F|  |TAMS 0x0000000084300000| PB 0x0000000084300000| Untracked 
|  68|0x0000000084400000, 0x0000000084400000, 0x0000000084500000|  0%| F|  |TAMS 0x0000000084400000| PB 0x0000000084400000| Untracked 
|  69|0x0000000084500000, 0x0000000084500000, 0x0000000084600000|  0%| F|  |TAMS 0x0000000084500000| PB 0x0000000084500000| Untracked 
|  70|0x0000000084600000, 0x0000000084600000, 0x0000000084700000|  0%| F|  |TAMS 0x0000000084600000| PB 0x0000000084600000| Untracked 
|  71|0x0000000084700000, 0x0000000084700000, 0x0000000084800000|  0%| F|  |TAMS 0x0000000084700000| PB 0x0000000084700000| Untracked 
|  72|0x0000000084800000, 0x0000000084800000, 0x0000000084900000|  0%| F|  |TAMS 0x0000000084800000| PB 0x0000000084800000| Untracked 
|  73|0x0000000084900000, 0x0000000084900000, 0x0000000084a00000|  0%| F|  |TAMS 0x0000000084900000| PB 0x0000000084900000| Untracked 
|  74|0x0000000084a00000, 0x0000000084a00000, 0x0000000084b00000|  0%| F|  |TAMS 0x0000000084a00000| PB 0x0000000084a00000| Untracked 
|  75|0x0000000084b00000, 0x0000000084b00000, 0x0000000084c00000|  0%| F|  |TAMS 0x0000000084b00000| PB 0x0000000084b00000| Untracked 
|  76|0x0000000084c00000, 0x0000000084c00000, 0x0000000084d00000|  0%| F|  |TAMS 0x0000000084c00000| PB 0x0000000084c00000| Untracked 
|  77|0x0000000084d00000, 0x0000000084d00000, 0x0000000084e00000|  0%| F|  |TAMS 0x0000000084d00000| PB 0x0000000084d00000| Untracked 
|  78|0x0000000084e00000, 0x0000000084e00000, 0x0000000084f00000|  0%| F|  |TAMS 0x0000000084e00000| PB 0x0000000084e00000| Untracked 
|  79|0x0000000084f00000, 0x0000000084f00000, 0x0000000085000000|  0%| F|  |TAMS 0x0000000084f00000| PB 0x0000000084f00000| Untracked 
|  80|0x0000000085000000, 0x0000000085000000, 0x0000000085100000|  0%| F|  |TAMS 0x0000000085000000| PB 0x0000000085000000| Untracked 
|  81|0x0000000085100000, 0x0000000085100000, 0x0000000085200000|  0%| F|  |TAMS 0x0000000085100000| PB 0x0000000085100000| Untracked 
|  82|0x0000000085200000, 0x0000000085200000, 0x0000000085300000|  0%| F|  |TAMS 0x0000000085200000| PB 0x0000000085200000| Untracked 
|  83|0x0000000085300000, 0x0000000085300000, 0x0000000085400000|  0%| F|  |TAMS 0x0000000085300000| PB 0x0000000085300000| Untracked 
|  84|0x0000000085400000, 0x0000000085400000, 0x0000000085500000|  0%| F|  |TAMS 0x0000000085400000| PB 0x0000000085400000| Untracked 
|  85|0x0000000085500000, 0x0000000085500000, 0x0000000085600000|  0%| F|  |TAMS 0x0000000085500000| PB 0x0000000085500000| Untracked 
|  86|0x0000000085600000, 0x0000000085600000, 0x0000000085700000|  0%| F|  |TAMS 0x0000000085600000| PB 0x0000000085600000| Untracked 
|  87|0x0000000085700000, 0x0000000085700000, 0x0000000085800000|  0%| F|  |TAMS 0x0000000085700000| PB 0x0000000085700000| Untracked 
|  88|0x0000000085800000, 0x0000000085800000, 0x0000000085900000|  0%| F|  |TAMS 0x0000000085800000| PB 0x0000000085800000| Untracked 
|  89|0x0000000085900000, 0x0000000085900000, 0x0000000085a00000|  0%| F|  |TAMS 0x0000000085900000| PB 0x0000000085900000| Untracked 
|  90|0x0000000085a00000, 0x0000000085a00000, 0x0000000085b00000|  0%| F|  |TAMS 0x0000000085a00000| PB 0x0000000085a00000| Untracked 
|  91|0x0000000085b00000, 0x0000000085b00000, 0x0000000085c00000|  0%| F|  |TAMS 0x0000000085b00000| PB 0x0000000085b00000| Untracked 
|  92|0x0000000085c00000, 0x0000000085c00000, 0x0000000085d00000|  0%| F|  |TAMS 0x0000000085c00000| PB 0x0000000085c00000| Untracked 
|  93|0x0000000085d00000, 0x0000000085d00000, 0x0000000085e00000|  0%| F|  |TAMS 0x0000000085d00000| PB 0x0000000085d00000| Untracked 
|  94|0x0000000085e00000, 0x0000000085e00000, 0x0000000085f00000|  0%| F|  |TAMS 0x0000000085e00000| PB 0x0000000085e00000| Untracked 
|  95|0x0000000085f00000, 0x0000000085f00000, 0x0000000086000000|  0%| F|  |TAMS 0x0000000085f00000| PB 0x0000000085f00000| Untracked 
|  96|0x0000000086000000, 0x0000000086000000, 0x0000000086100000|  0%| F|  |TAMS 0x0000000086000000| PB 0x0000000086000000| Untracked 
|  97|0x0000000086100000, 0x0000000086100000, 0x0000000086200000|  0%| F|  |TAMS 0x0000000086100000| PB 0x0000000086100000| Untracked 
|  98|0x0000000086200000, 0x0000000086200000, 0x0000000086300000|  0%| F|  |TAMS 0x0000000086200000| PB 0x0000000086200000| Untracked 
|  99|0x0000000086300000, 0x0000000086300000, 0x0000000086400000|  0%| F|  |TAMS 0x0000000086300000| PB 0x0000000086300000| Untracked 
| 100|0x0000000086400000, 0x0000000086400000, 0x0000000086500000|  0%| F|  |TAMS 0x0000000086400000| PB 0x0000000086400000| Untracked 
| 101|0x0000000086500000, 0x0000000086500000, 0x0000000086600000|  0%| F|  |TAMS 0x0000000086500000| PB 0x0000000086500000| Untracked 
| 102|0x0000000086600000, 0x0000000086700000, 0x0000000086700000|100%| S|CS|TAMS 0x0000000086600000| PB 0x0000000086600000| Complete 
| 103|0x0000000086700000, 0x0000000086800000, 0x0000000086800000|100%| S|CS|TAMS 0x0000000086700000| PB 0x0000000086700000| Complete 
| 104|0x0000000086800000, 0x0000000086900000, 0x0000000086900000|100%| S|CS|TAMS 0x0000000086800000| PB 0x0000000086800000| Complete 
| 105|0x0000000086900000, 0x0000000086900000, 0x0000000086a00000|  0%| F|  |TAMS 0x0000000086900000| PB 0x0000000086900000| Untracked 
| 106|0x0000000086a00000, 0x0000000086a00000, 0x0000000086b00000|  0%| F|  |TAMS 0x0000000086a00000| PB 0x0000000086a00000| Untracked 
| 107|0x0000000086b00000, 0x0000000086b00000, 0x0000000086c00000|  0%| F|  |TAMS 0x0000000086b00000| PB 0x0000000086b00000| Untracked 
| 108|0x0000000086c00000, 0x0000000086c00000, 0x0000000086d00000|  0%| F|  |TAMS 0x0000000086c00000| PB 0x0000000086c00000| Untracked 
| 109|0x0000000086d00000, 0x0000000086d00000, 0x0000000086e00000|  0%| F|  |TAMS 0x0000000086d00000| PB 0x0000000086d00000| Untracked 
| 110|0x0000000086e00000, 0x0000000086e00000, 0x0000000086f00000|  0%| F|  |TAMS 0x0000000086e00000| PB 0x0000000086e00000| Untracked 
| 111|0x0000000086f00000, 0x0000000086f00000, 0x0000000087000000|  0%| F|  |TAMS 0x0000000086f00000| PB 0x0000000086f00000| Untracked 
| 112|0x0000000087000000, 0x0000000087000000, 0x0000000087100000|  0%| F|  |TAMS 0x0000000087000000| PB 0x0000000087000000| Untracked 
| 113|0x0000000087100000, 0x0000000087100000, 0x0000000087200000|  0%| F|  |TAMS 0x0000000087100000| PB 0x0000000087100000| Untracked 
| 114|0x0000000087200000, 0x0000000087200000, 0x0000000087300000|  0%| F|  |TAMS 0x0000000087200000| PB 0x0000000087200000| Untracked 
| 115|0x0000000087300000, 0x0000000087300000, 0x0000000087400000|  0%| F|  |TAMS 0x0000000087300000| PB 0x0000000087300000| Untracked 
| 116|0x0000000087400000, 0x00000000874b8458, 0x0000000087500000| 71%| E|  |TAMS 0x0000000087400000| PB 0x0000000087400000| Complete 
| 117|0x0000000087500000, 0x0000000087600000, 0x0000000087600000|100%| E|CS|TAMS 0x0000000087500000| PB 0x0000000087500000| Complete 
| 118|0x0000000087600000, 0x0000000087700000, 0x0000000087700000|100%| E|CS|TAMS 0x0000000087600000| PB 0x0000000087600000| Complete 
| 119|0x0000000087700000, 0x0000000087800000, 0x0000000087800000|100%| E|CS|TAMS 0x0000000087700000| PB 0x0000000087700000| Complete 
| 120|0x0000000087800000, 0x0000000087900000, 0x0000000087900000|100%| E|CS|TAMS 0x0000000087800000| PB 0x0000000087800000| Complete 
| 121|0x0000000087900000, 0x0000000087a00000, 0x0000000087a00000|100%| E|CS|TAMS 0x0000000087900000| PB 0x0000000087900000| Complete 
| 122|0x0000000087a00000, 0x0000000087b00000, 0x0000000087b00000|100%| E|CS|TAMS 0x0000000087a00000| PB 0x0000000087a00000| Complete 
| 123|0x0000000087b00000, 0x0000000087c00000, 0x0000000087c00000|100%| E|CS|TAMS 0x0000000087b00000| PB 0x0000000087b00000| Complete 
| 124|0x0000000087c00000, 0x0000000087d00000, 0x0000000087d00000|100%| E|  |TAMS 0x0000000087c00000| PB 0x0000000087c00000| Complete 
| 125|0x0000000087d00000, 0x0000000087e00000, 0x0000000087e00000|100%| E|CS|TAMS 0x0000000087d00000| PB 0x0000000087d00000| Complete 
| 126|0x0000000087e00000, 0x0000000087f00000, 0x0000000087f00000|100%| E|CS|TAMS 0x0000000087e00000| PB 0x0000000087e00000| Complete 
| 127|0x0000000087f00000, 0x0000000088000000, 0x0000000088000000|100%| E|CS|TAMS 0x0000000087f00000| PB 0x0000000087f00000| Complete 
|2046|0x00000000ffe00000, 0x00000000fff00000, 0x00000000fff00000|100%| O|  |TAMS 0x00000000ffe00000| PB 0x00000000ffe00000| Untracked 
|2047|0x00000000fff00000, 0x00000000fff0bb38, 0x0000000100000000|  4%| O|  |TAMS 0x00000000fff00000| PB 0x00000000fff00000| Untracked 

Card table byte_map: [0x000075d787e00000,0x000075d788200000] _byte_map_base: 0x000075d787a00000

Marking Bits: (CMBitMap*) 0x000075d79c067d50
 Bits: [0x000075d785e00000, 0x000075d787e00000)

Polling page: 0x000075d7a2113000

Metaspace:

Usage:
  Non-class:     10,19 MB used.
      Class:      1,36 MB used.
       Both:     11,55 MB used.

Virtual space:
  Non-class space:       64,00 MB reserved,      10,38 MB ( 16%) committed,  1 nodes.
      Class space:        1,00 GB reserved,       1,56 MB ( <1%) committed,  1 nodes.
             Both:        1,06 GB reserved,      11,94 MB (  1%) committed. 

Chunk freelists:
   Non-Class:  5,19 MB
       Class:  14,39 MB
        Both:  19,58 MB

MaxMetaspaceSize: unlimited
CompressedClassSpaceSize: 1,00 GB
Initial GC threshold: 21,00 MB
Current GC threshold: 21,00 MB
CDS: on
 - commit_granule_bytes: 65536.
 - commit_granule_words: 8192.
 - virtual_space_node_default_size: 8388608.
 - enlarge_chunks_in_place: 1.
 - use_allocation_guard: 0.


Internal statistics:

num_allocs_failed_limit: 0.
num_arena_births: 518.
num_arena_deaths: 0.
num_vsnodes_births: 2.
num_vsnodes_deaths: 0.
num_space_committed: 191.
num_space_uncommitted: 0.
num_chunks_returned_to_freelist: 0.
num_chunks_taken_from_freelist: 928.
num_chunk_merges: 0.
num_chunk_splits: 541.
num_chunks_enlarged: 207.
num_inconsistent_stats: 0.

CodeHeap 'non-profiled nmethods': size=119168Kb used=636Kb max_used=636Kb free=118531Kb
 bounds [0x000075d790ba0000, 0x000075d790e10000, 0x000075d798000000]
CodeHeap 'profiled nmethods': size=119164Kb used=3698Kb max_used=3698Kb free=115465Kb
 bounds [0x000075d789000000, 0x000075d7893a0000, 0x000075d79045f000]
CodeHeap 'non-nmethods': size=7428Kb used=3098Kb max_used=3116Kb free=4329Kb
 bounds [0x000075d79045f000, 0x000075d79076f000, 0x000075d790ba0000]
 total_blobs=2492 nmethods=1968 adapters=427
 compilation: enabled
              stopped_count=0, restarted_count=0
 full_count=0

Compilation events (20 events):
Event: 1,898 Thread 0x000075d6e40fa240 1895       3       jdk.internal.util.ByteArray::setShort (10 bytes)
Event: 1,898 Thread 0x000075d79c15e8f0 nmethod 1894 0x000075d789375990 code [0x000075d789375b20, 0x000075d789375c38]
Event: 1,898 Thread 0x000075d6e40f8ef0 1896       3       java.nio.MappedByteBuffer::limit (8 bytes)
Event: 1,898 Thread 0x000075d6e40f8ef0 nmethod 1896 0x000075d789375d10 code [0x000075d789375ec0, 0x000075d789376068]
Event: 1,899 Thread 0x000075d6e40fa240 nmethod 1895 0x000075d789376190 code [0x000075d789376380, 0x000075d7893768c8]
Event: 1,899 Thread 0x000075d6ec063ed0 1897       3       java.lang.reflect.ReflectAccess::getRoot (5 bytes)
Event: 1,899 Thread 0x000075d6cc010360 nmethod 1816 0x000075d790c32c10 code [0x000075d790c32e40, 0x000075d790c33e20]
Event: 1,899 Thread 0x000075d6cc010360 1830       4       jdk.internal.org.objectweb.asm.Frame::execute (2305 bytes)
Event: 1,899 Thread 0x000075d6e40fa240 1898       3       java.io.ObjectOutputStream$BlockDataOutputStream::writeShort (47 bytes)
Event: 1,899 Thread 0x000075d6ec063ed0 nmethod 1897 0x000075d789376b10 code [0x000075d789376cc0, 0x000075d789376e90]
Event: 1,899 Thread 0x000075d6ec063ed0 1900       3       jdk.internal.reflect.MethodHandleAccessorFactory::ensureClassInitialized (18 bytes)
Event: 1,899 Thread 0x000075d79c15e8f0 1901       3       java.nio.MappedByteBuffer::position (8 bytes)
Event: 1,900 Thread 0x000075d79c15e8f0 nmethod 1901 0x000075d789376f90 code [0x000075d789377140, 0x000075d7893772e8]
Event: 1,900 Thread 0x000075d6ec063ed0 nmethod 1900 0x000075d789377410 code [0x000075d789377600, 0x000075d789377a58]
Event: 1,900 Thread 0x000075d6e40fa240 nmethod 1898 0x000075d789377c10 code [0x000075d789377ea0, 0x000075d789378b98]
Event: 1,901 Thread 0x000075d79c15e8f0 1902       3       java.lang.invoke.VarHandleByteArrayAsLongs$ArrayHandle::index (13 bytes)
Event: 1,901 Thread 0x000075d79c15e8f0 nmethod 1902 0x000075d789379090 code [0x000075d789379220, 0x000075d789379360]
Event: 1,904 Thread 0x000075d79c15e8f0 1906       3       java.util.ImmutableCollections$ListItr::hasNext (17 bytes)
Event: 1,904 Thread 0x000075d79c15e8f0 nmethod 1906 0x000075d789379490 code [0x000075d789379620, 0x000075d789379780]
Event: 1,905 Thread 0x000075d6ec063ed0 1908       3       java.lang.invoke.MethodTypeForm::<init> (322 bytes)

GC Heap History (2 events):
Event: 1,497 GC heap before
{Heap before GC invocations=0 (full 0):
 garbage-first heap   total 133120K, used 27694K [0x0000000080000000, 0x0000000100000000)
  region size 1024K, 23 young (23552K), 0 survivors (0K)
 Metaspace       used 8555K, committed 9024K, reserved 1114112K
  class space    used 1076K, committed 1280K, reserved 1048576K
}
Event: 1,508 GC heap after
{Heap after GC invocations=1 (full 0):
 garbage-first heap   total 133120K, used 9548K [0x0000000080000000, 0x0000000100000000)
  region size 1024K, 3 young (3072K), 3 survivors (3072K)
 Metaspace       used 8555K, committed 9024K, reserved 1114112K
  class space    used 1076K, committed 1280K, reserved 1048576K
}

Dll operation events (10 events):
Event: 0,005 Loaded shared library /snap/intellij-idea-ultimate/573/jbr/lib/libjava.so
Event: 0,056 Loaded shared library /snap/intellij-idea-ultimate/573/jbr/lib/libzip.so
Event: 0,122 Loaded shared library /snap/intellij-idea-ultimate/573/jbr/lib/libnio.so
Event: 0,161 Loaded shared library /snap/intellij-idea-ultimate/573/jbr/lib/libzip.so
Event: 0,238 Loaded shared library /snap/intellij-idea-ultimate/573/jbr/lib/libjimage.so
Event: 0,902 Loaded shared library /snap/intellij-idea-ultimate/573/jbr/lib/libnet.so
Event: 0,997 Loaded shared library /snap/intellij-idea-ultimate/573/jbr/lib/libextnet.so
Event: 1,035 Loaded shared library /snap/intellij-idea-ultimate/573/jbr/lib/librmi.so
Event: 1,477 Loaded shared library /snap/intellij-idea-ultimate/573/jbr/lib/libmanagement.so
Event: 1,480 Loaded shared library /snap/intellij-idea-ultimate/573/jbr/lib/libmanagement_ext.so

Deoptimization events (20 events):
Event: 1,838 Thread 0x000075d6bc002340 Uncommon trap: trap_request=0xffffffde fr.pc=0x000075d790c24038 relative=0x0000000000000818
Event: 1,838 Thread 0x000075d6bc002340 Uncommon trap: reason=class_check action=maybe_recompile pc=0x000075d790c24038 method=sun.security.provider.DigestBase.engineDigest([BII)I @ 97 c2
Event: 1,838 Thread 0x000075d6bc002340 DEOPT PACKING pc=0x000075d790c24038 sp=0x000075d77cffd840
Event: 1,838 Thread 0x000075d6bc002340 DEOPT UNPACKING pc=0x000075d7904b2f99 sp=0x000075d77cffd810 mode 2
Event: 1,838 Thread 0x000075d6bc002340 Uncommon trap: trap_request=0xffffffde fr.pc=0x000075d790c24038 relative=0x0000000000000818
Event: 1,838 Thread 0x000075d6bc002340 Uncommon trap: reason=class_check action=maybe_recompile pc=0x000075d790c24038 method=sun.security.provider.DigestBase.engineDigest([BII)I @ 97 c2
Event: 1,838 Thread 0x000075d6bc002340 DEOPT PACKING pc=0x000075d790c24038 sp=0x000075d77cffd840
Event: 1,838 Thread 0x000075d6bc002340 DEOPT UNPACKING pc=0x000075d7904b2f99 sp=0x000075d77cffd810 mode 2
Event: 1,838 Thread 0x000075d6bc002340 Uncommon trap: trap_request=0xffffffde fr.pc=0x000075d790c24038 relative=0x0000000000000818
Event: 1,838 Thread 0x000075d6bc002340 Uncommon trap: reason=class_check action=maybe_recompile pc=0x000075d790c24038 method=sun.security.provider.DigestBase.engineDigest([BII)I @ 97 c2
Event: 1,838 Thread 0x000075d6bc002340 DEOPT PACKING pc=0x000075d790c24038 sp=0x000075d77cffd840
Event: 1,838 Thread 0x000075d6bc002340 DEOPT UNPACKING pc=0x000075d7904b2f99 sp=0x000075d77cffd810 mode 2
Event: 1,841 Thread 0x000075d6bc002340 Uncommon trap: trap_request=0xffffff45 fr.pc=0x000075d790c20444 relative=0x0000000000000344
Event: 1,841 Thread 0x000075d6bc002340 Uncommon trap: reason=unstable_if action=reinterpret pc=0x000075d790c20444 method=sun.security.provider.DigestBase.engineUpdate([BII)V @ 106 c2
Event: 1,841 Thread 0x000075d6bc002340 DEOPT PACKING pc=0x000075d790c20444 sp=0x000075d77cffd710
Event: 1,841 Thread 0x000075d6bc002340 DEOPT UNPACKING pc=0x000075d7904b2f99 sp=0x000075d77cffd700 mode 2
Event: 1,848 Thread 0x000075d6bc002340 Uncommon trap: trap_request=0xffffff45 fr.pc=0x000075d790c2c104 relative=0x0000000000000fa4
Event: 1,848 Thread 0x000075d6bc002340 Uncommon trap: reason=unstable_if action=reinterpret pc=0x000075d790c2c104 method=java.util.concurrent.ConcurrentHashMap.putVal(Ljava/lang/Object;Ljava/lang/Object;Z)Ljava/lang/Object; @ 231 c2
Event: 1,848 Thread 0x000075d6bc002340 DEOPT PACKING pc=0x000075d790c2c104 sp=0x000075d77cffdca0
Event: 1,848 Thread 0x000075d6bc002340 DEOPT UNPACKING pc=0x000075d7904b2f99 sp=0x000075d77cffdc10 mode 2

Classes loaded (20 events):
Event: 1,804 Loading class java/util/TimerTask
Event: 1,804 Loading class java/util/TimerTask done
Event: 1,808 Loading class java/util/concurrent/atomic/AtomicIntegerFieldUpdater
Event: 1,808 Loading class java/util/concurrent/atomic/AtomicIntegerFieldUpdater done
Event: 1,808 Loading class java/util/concurrent/atomic/AtomicIntegerFieldUpdater$AtomicIntegerFieldUpdaterImpl
Event: 1,809 Loading class java/util/concurrent/atomic/AtomicIntegerFieldUpdater$AtomicIntegerFieldUpdaterImpl done
Event: 1,809 Loading class java/util/concurrent/atomic/AtomicIntegerFieldUpdater$AtomicIntegerFieldUpdaterImpl$1
Event: 1,809 Loading class java/util/concurrent/atomic/AtomicIntegerFieldUpdater$AtomicIntegerFieldUpdaterImpl$1 done
Event: 1,813 Loading class java/lang/invoke/DirectMethodHandle$Special
Event: 1,813 Loading class java/lang/invoke/DirectMethodHandle$Special done
Event: 1,818 Loading class java/io/CharArrayReader
Event: 1,818 Loading class java/io/CharArrayReader done
Event: 1,819 Loading class java/net/UnknownHostException
Event: 1,820 Loading class java/net/UnknownHostException done
Event: 1,849 Loading class java/nio/charset/CharacterCodingException
Event: 1,849 Loading class java/nio/charset/CharacterCodingException done
Event: 1,903 Loading class sun/invoke/util/ValueConversions$1
Event: 1,903 Loading class sun/invoke/util/ValueConversions$1 done
Event: 1,903 Loading class java/lang/invoke/BoundMethodHandle$Species_LI
Event: 1,903 Loading class java/lang/invoke/BoundMethodHandle$Species_LI done

Classes unloaded (0 events):
No events

Classes redefined (0 events):
No events

Internal exceptions (20 events):
Event: 1,407 Thread 0x000075d6bc002340 Exception <a 'java/lang/NoSuchMethodError'{0x0000000086a5fc10}: method resolution failed> (0x0000000086a5fc10) 
thrown [src/hotspot/share/prims/methodHandles.cpp, line 1144]
Event: 1,409 Thread 0x000075d6bc002340 Exception <a 'java/lang/NoSuchMethodError'{0x0000000086a696f8}: 'java.lang.Object java.lang.invoke.Invokers$Holder.invokeExact_MT(java.lang.Object, java.lang.Object, java.lang.Object, java.lang.Object, java.lang.Object)'> (0x0000000086a696f8) 
thrown [src/hotspot/share/interpreter/linkResolver.cpp, line 783]
Event: 1,418 Thread 0x000075d6bc002340 Exception <a 'java/lang/NoSuchMethodError'{0x0000000086a9f1b8}: 'java.lang.Object java.lang.invoke.DirectMethodHandle$Holder.invokeVirtual(java.lang.Object, java.lang.Object, java.lang.Object, java.lang.Object)'> (0x0000000086a9f1b8) 
thrown [src/hotspot/share/interpreter/linkResolver.cpp, line 783]
Event: 1,420 Thread 0x000075d6bc002340 Exception <a 'java/lang/NoSuchMethodError'{0x0000000086aa6cc8}: 'void java.lang.invoke.DirectMethodHandle$Holder.invokeStatic(java.lang.Object, java.lang.Object, java.lang.Object, java.lang.Object)'> (0x0000000086aa6cc8) 
thrown [src/hotspot/share/interpreter/linkResolver.cpp, line 783]
Event: 1,437 Thread 0x000075d6bc002340 Exception <a 'java/lang/NoSuchMethodError'{0x0000000086915568}: 'int java.lang.invoke.DirectMethodHandle$Holder.invokeStatic(java.lang.Object, java.lang.Object, java.lang.Object, java.lang.Object)'> (0x0000000086915568) 
thrown [src/hotspot/share/interpreter/linkResolver.cpp, line 783]
Event: 1,437 Thread 0x000075d6bc002340 Exception <a 'java/lang/NoSuchMethodError'{0x0000000086918b10}: 'int java.lang.invoke.DirectMethodHandle$Holder.invokeStaticInit(java.lang.Object, java.lang.Object, java.lang.Object, java.lang.Object)'> (0x0000000086918b10) 
thrown [src/hotspot/share/interpreter/linkResolver.cpp, line 783]
Event: 1,438 Thread 0x000075d6bc002340 Exception <a 'java/lang/IncompatibleClassChangeError'{0x0000000086921060}: Found class java.lang.Object, but interface was expected> (0x0000000086921060) 
thrown [src/hotspot/share/interpreter/linkResolver.cpp, line 851]
Event: 1,439 Thread 0x000075d6bc002340 Exception <a 'java/lang/NoSuchMethodError'{0x0000000086925d38}: 'int java.lang.invoke.DirectMethodHandle$Holder.invokeStaticInit(java.lang.Object, java.lang.Object)'> (0x0000000086925d38) 
thrown [src/hotspot/share/interpreter/linkResolver.cpp, line 783]
Event: 1,690 Thread 0x000075d6bc002340 Exception <a 'java/lang/NoSuchMethodError'{0x0000000087cbccc0}: 'void java.lang.invoke.DirectMethodHandle$Holder.invokeStatic(java.lang.Object, java.lang.Object, java.lang.Object)'> (0x0000000087cbccc0) 
thrown [src/hotspot/share/interpreter/linkResolver.cpp, line 783]
Event: 1,691 Thread 0x000075d6bc002340 Exception <a 'java/lang/NoSuchMethodError'{0x0000000087cc2960}: 'void java.lang.invoke.DirectMethodHandle$Holder.invokeVirtual(java.lang.Object, java.lang.Object)'> (0x0000000087cc2960) 
thrown [src/hotspot/share/interpreter/linkResolver.cpp, line 783]
Event: 1,693 Thread 0x000075d6bc002340 Implicit null exception at 0x000075d790c21404 to 0x000075d790c21ca4
Event: 1,789 Thread 0x000075d6bc002340 Exception <a 'java/lang/NoSuchMethodError'{0x000000008792e9a0}: 'java.lang.Object java.lang.invoke.DirectMethodHandle$Holder.invokeStaticInit(java.lang.Object, java.lang.Object, java.lang.Object)'> (0x000000008792e9a0) 
thrown [src/hotspot/share/interpreter/linkResolver.cpp, line 783]
Event: 1,799 Thread 0x000075d6bc002340 Exception <a 'java/lang/NoSuchMethodError'{0x0000000087995f58}: 'java.lang.Object java.lang.invoke.DirectMethodHandle$Holder.newInvokeSpecial(java.lang.Object, java.lang.Object, int)'> (0x0000000087995f58) 
thrown [src/hotspot/share/interpreter/linkResolver.cpp, line 783]
Event: 1,847 Thread 0x000075d6bc002340 Exception <a 'java/lang/NoSuchMethodError'{0x00000000878f6790}: 'java.lang.Object java.lang.invoke.DirectMethodHandle$Holder.invokeInterface(java.lang.Object, java.lang.Object, java.lang.Object)'> (0x00000000878f6790) 
thrown [src/hotspot/share/interpreter/linkResolver.cpp, line 783]
Event: 1,850 Thread 0x000075d6bc002340 Exception <a 'java/lang/NoSuchMethodError'{0x0000000087710458}: 'void java.lang.invoke.DirectMethodHandle$Holder.invokeInterface(java.lang.Object, java.lang.Object, java.lang.Object, java.lang.Object)'> (0x0000000087710458) 
thrown [src/hotspot/share/interpreter/linkResolver.cpp, line 783]
Event: 1,850 Thread 0x000075d6bc002340 Exception <a 'java/lang/NoSuchMethodError'{0x00000000877140b8}: 'void java.lang.invoke.DirectMethodHandle$Holder.invokeSpecial(java.lang.Object, java.lang.Object, java.lang.Object, java.lang.Object, java.lang.Object)'> (0x00000000877140b8) 
thrown [src/hotspot/share/interpreter/linkResolver.cpp, line 783]
Event: 1,857 Thread 0x000075d6bc002340 Exception <a 'java/lang/NoSuchMethodError'{0x0000000087728358}: 'int java.lang.invoke.DirectMethodHandle$Holder.invokeInterface(java.lang.Object, java.lang.Object)'> (0x0000000087728358) 
thrown [src/hotspot/share/interpreter/linkResolver.cpp, line 783]
Event: 1,902 Thread 0x000075d6bc002340 Exception <a 'java/lang/NoSuchMethodError'{0x00000000876e54b8}: 'int java.lang.invoke.DirectMethodHandle$Holder.invokeInterface(java.lang.Object, java.lang.Object, int)'> (0x00000000876e54b8) 
thrown [src/hotspot/share/interpreter/linkResolver.cpp, line 783]
Event: 1,903 Thread 0x000075d6bc002340 Exception <a 'java/lang/NoSuchMethodError'{0x00000000876e98d8}: 'int java.lang.invoke.DirectMethodHandle$Holder.invokeSpecial(java.lang.Object, java.lang.Object, java.lang.Object, int)'> (0x00000000876e98d8) 
thrown [src/hotspot/share/interpreter/linkResolver.cpp, line 783]
Event: 1,905 Thread 0x000075d6bc002340 Exception <a 'java/lang/NoSuchMethodError'{0x00000000876fbc98}: 'java.lang.Object java.lang.invoke.DirectMethodHandle$Holder.invokeStatic(java.lang.Object, java.lang.Object, java.lang.Object, java.lang.Object, int)'> (0x00000000876fbc98) 
thrown [src/hotspot/share/interpreter/linkResolver.cpp, line 783]

ZGC Phase Switch (0 events):
No events

VM Operations (20 events):
Event: 1,090 Executing VM operation: HandshakeAllThreads (Deoptimize)
Event: 1,090 Executing VM operation: HandshakeAllThreads (Deoptimize) done
Event: 1,316 Executing VM operation: HandshakeAllThreads (Deoptimize)
Event: 1,316 Executing VM operation: HandshakeAllThreads (Deoptimize) done
Event: 1,497 Executing VM operation: G1CollectForAllocation (G1 Evacuation Pause)
Event: 1,508 Executing VM operation: G1CollectForAllocation (G1 Evacuation Pause) done
Event: 1,529 Executing VM operation: HandshakeAllThreads (Deoptimize)
Event: 1,529 Executing VM operation: HandshakeAllThreads (Deoptimize) done
Event: 1,557 Executing VM operation: HandshakeAllThreads (Deoptimize)
Event: 1,557 Executing VM operation: HandshakeAllThreads (Deoptimize) done
Event: 1,582 Executing VM operation: HandshakeAllThreads (Deoptimize)
Event: 1,582 Executing VM operation: HandshakeAllThreads (Deoptimize) done
Event: 1,589 Executing VM operation: HandshakeAllThreads (Deoptimize)
Event: 1,589 Executing VM operation: HandshakeAllThreads (Deoptimize) done
Event: 1,621 Executing VM operation: HandshakeAllThreads (Deoptimize)
Event: 1,621 Executing VM operation: HandshakeAllThreads (Deoptimize) done
Event: 1,722 Executing VM operation: HandshakeAllThreads (Deoptimize)
Event: 1,722 Executing VM operation: HandshakeAllThreads (Deoptimize) done
Event: 1,722 Executing VM operation: HandshakeAllThreads (Deoptimize)
Event: 1,722 Executing VM operation: HandshakeAllThreads (Deoptimize) done

Memory protections (20 events):
Event: 0,062 Protecting memory [0x000075d77df00000,0x000075d77df04000] with protection modes 0
Event: 0,063 Protecting memory [0x000075d77de00000,0x000075d77de04000] with protection modes 0
Event: 0,078 Protecting memory [0x000075d77dd00000,0x000075d77dd04000] with protection modes 0
Event: 0,108 Protecting memory [0x000075d77dc00000,0x000075d77dc04000] with protection modes 0
Event: 0,116 Protecting memory [0x000075d77db00000,0x000075d77db04000] with protection modes 0
Event: 0,148 Protecting memory [0x000075d77da00000,0x000075d77da04000] with protection modes 0
Event: 0,713 Protecting memory [0x000075d77d900000,0x000075d77d904000] with protection modes 0
Event: 0,714 Protecting memory [0x000075d77d800000,0x000075d77d804000] with protection modes 0
Event: 1,010 Protecting memory [0x000075d77d700000,0x000075d77d704000] with protection modes 0
Event: 1,033 Protecting memory [0x000075d77d600000,0x000075d77d604000] with protection modes 0
Event: 1,034 Protecting memory [0x000075d77d500000,0x000075d77d504000] with protection modes 0
Event: 1,036 Protecting memory [0x000075d77d400000,0x000075d77d404000] with protection modes 0
Event: 1,091 Protecting memory [0x000075d77d300000,0x000075d77d304000] with protection modes 0
Event: 1,091 Protecting memory [0x000075d77d200000,0x000075d77d204000] with protection modes 0
Event: 1,162 Protecting memory [0x000075d77d100000,0x000075d77d104000] with protection modes 0
Event: 1,235 Protecting memory [0x000075d77d000000,0x000075d77d004000] with protection modes 0
Event: 1,235 Protecting memory [0x000075d77cf00000,0x000075d77cf04000] with protection modes 0
Event: 1,271 Protecting memory [0x000075d77ce00000,0x000075d77ce04000] with protection modes 0
Event: 1,597 Protecting memory [0x000075d77da00000,0x000075d77da04000] with protection modes 0
Event: 1,791 Protecting memory [0x000075d77c3f7000,0x000075d77c3fb000] with protection modes 0

Nmethod flushes (0 events):
No events

Events (20 events):
Event: 0,063 Thread 0x000075d79c02c390 Thread added: 0x000075d79c15e8f0
Event: 0,078 Thread 0x000075d79c15e8f0 Thread added: 0x000075d6ec063ed0
Event: 0,108 Thread 0x000075d79c02c390 Thread added: 0x000075d79c19bc00
Event: 0,116 Thread 0x000075d79c02c390 Thread added: 0x000075d79c19d810
Event: 0,148 Thread 0x000075d79c15d240 Thread added: 0x000075d6f00b7a40
Event: 0,713 Thread 0x000075d6ec063ed0 Thread added: 0x000075d6e40f8ef0
Event: 0,714 Thread 0x000075d6ec063ed0 Thread added: 0x000075d6e40fa240
Event: 1,010 Thread 0x000075d79c02c390 Thread added: 0x000075d79c362830
Event: 1,033 Thread 0x000075d79c02c390 Thread added: 0x000075d79c368b50
Event: 1,034 Thread 0x000075d79c02c390 Thread added: 0x000075d79c369df0
Event: 1,036 Thread 0x000075d79c02c390 Thread added: 0x000075d79c36bca0
Event: 1,091 Thread 0x000075d79c362830 Thread added: 0x000075d6c0001750
Event: 1,091 Thread 0x000075d79c362830 Thread added: 0x000075d6c0002890
Event: 1,162 Thread 0x000075d6c0001750 Thread added: 0x000075d6a8018e00
Event: 1,235 Thread 0x000075d79c368b50 Thread added: 0x000075d6bc001120
Event: 1,235 Thread 0x000075d79c368b50 Thread added: 0x000075d6bc002340
Event: 1,271 Thread 0x000075d6bc002340 Thread added: 0x000075d6900103b0
Event: 1,419 Thread 0x000075d6f00b7a40 Thread exited: 0x000075d6f00b7a40
Event: 1,597 Thread 0x000075d6e40f8ef0 Thread added: 0x000075d6cc010360
Event: 1,791 Thread 0x000075d6bc002340 Thread added: 0x000075d6901794a0


Dynamic libraries:
80000000-88000000 rw-p 00000000 00:00 0 
88000000-ffe00000 ---p 00000000 00:00 0 
ffe00000-fff0c000 rw-p 00d70000 07:1d 518                                /snap/intellij-idea-ultimate/573/jbr/lib/server/classes.jsa
fff0c000-100000000 rw-p 00000000 00:00 0 
56cff4532000-56cff4533000 r--p 00000000 07:1d 30                         /snap/intellij-idea-ultimate/573/jbr/bin/java
56cff4533000-56cff4534000 r-xp 00001000 07:1d 30                         /snap/intellij-idea-ultimate/573/jbr/bin/java
56cff4534000-56cff4535000 r--p 00002000 07:1d 30                         /snap/intellij-idea-ultimate/573/jbr/bin/java
56cff4535000-56cff4536000 r--p 00002000 07:1d 30                         /snap/intellij-idea-ultimate/573/jbr/bin/java
56cff4536000-56cff4537000 rw-p 00003000 07:1d 30                         /snap/intellij-idea-ultimate/573/jbr/bin/java
56d03168b000-56d0316d2000 rw-p 00000000 00:00 0                          [heap]
75d650000000-75d650021000 rw-p 00000000 00:00 0 
75d650021000-75d654000000 ---p 00000000 00:00 0 
75d654000000-75d65451d000 rw-p 00000000 00:00 0 
75d65451d000-75d658000000 ---p 00000000 00:00 0 
75d65c000000-75d65c021000 rw-p 00000000 00:00 0 
75d65c021000-75d660000000 ---p 00000000 00:00 0 
75d660000000-75d660021000 rw-p 00000000 00:00 0 
75d660021000-75d664000000 ---p 00000000 00:00 0 
75d668000000-75d668021000 rw-p 00000000 00:00 0 
75d668021000-75d66c000000 ---p 00000000 00:00 0 
75d66c000000-75d66c021000 rw-p 00000000 00:00 0 
75d66c021000-75d670000000 ---p 00000000 00:00 0 
75d674000000-75d674021000 rw-p 00000000 00:00 0 
75d674021000-75d678000000 ---p 00000000 00:00 0 
75d678000000-75d678021000 rw-p 00000000 00:00 0 
75d678021000-75d67c000000 ---p 00000000 00:00 0 
75d680000000-75d680021000 rw-p 00000000 00:00 0 
75d680021000-75d684000000 ---p 00000000 00:00 0 
75d684000000-75d684021000 rw-p 00000000 00:00 0 
75d684021000-75d688000000 ---p 00000000 00:00 0 
75d68c000000-75d68c021000 rw-p 00000000 00:00 0 
75d68c021000-75d690000000 ---p 00000000 00:00 0 
75d690000000-75d690282000 rw-p 00000000 00:00 0 
75d690282000-75d694000000 ---p 00000000 00:00 0 
75d698000000-75d698021000 rw-p 00000000 00:00 0 
75d698021000-75d69c000000 ---p 00000000 00:00 0 
75d69c000000-75d69c021000 rw-p 00000000 00:00 0 
75d69c021000-75d6a0000000 ---p 00000000 00:00 0 
75d6a4000000-75d6a4027000 rw-p 00000000 00:00 0 
75d6a4027000-75d6a8000000 ---p 00000000 00:00 0 
75d6a8000000-75d6a8027000 rw-p 00000000 00:00 0 
75d6a8027000-75d6ac000000 ---p 00000000 00:00 0 
75d6b0000000-75d6b0021000 rw-p 00000000 00:00 0 
75d6b0021000-75d6b4000000 ---p 00000000 00:00 0 
75d6b4000000-75d6b4021000 rw-p 00000000 00:00 0 
75d6b4021000-75d6b8000000 ---p 00000000 00:00 0 
75d6bc000000-75d6bc021000 rw-p 00000000 00:00 0 
75d6bc021000-75d6c0000000 ---p 00000000 00:00 0 
75d6c0000000-75d6c0021000 rw-p 00000000 00:00 0 
75d6c0021000-75d6c4000000 ---p 00000000 00:00 0 
75d6c8000000-75d6c8090000 rw-p 00000000 00:00 0 
75d6c8090000-75d6cc000000 ---p 00000000 00:00 0 
75d6cc000000-75d6cc09a000 rw-p 00000000 00:00 0 
75d6cc09a000-75d6d0000000 ---p 00000000 00:00 0 
75d6d4000000-75d6d429f000 rw-p 00000000 00:00 0 
75d6d429f000-75d6d8000000 ---p 00000000 00:00 0 
75d6d8000000-75d6d8021000 rw-p 00000000 00:00 0 
75d6d8021000-75d6dc000000 ---p 00000000 00:00 0 
75d6e0000000-75d6e0021000 rw-p 00000000 00:00 0 
75d6e0021000-75d6e4000000 ---p 00000000 00:00 0 
75d6e4000000-75d6e41be000 rw-p 00000000 00:00 0 
75d6e41be000-75d6e8000000 ---p 00000000 00:00 0 
75d6ec000000-75d6ec1cb000 rw-p 00000000 00:00 0 
75d6ec1cb000-75d6f0000000 ---p 00000000 00:00 0 
75d6f0000000-75d6f0882000 rw-p 00000000 00:00 0 
75d6f0882000-75d6f4000000 ---p 00000000 00:00 0 
75d6f8000000-75d6f8021000 rw-p 00000000 00:00 0 
75d6f8021000-75d6fc000000 ---p 00000000 00:00 0 
75d6fc000000-75d6fc021000 rw-p 00000000 00:00 0 
75d6fc021000-75d700000000 ---p 00000000 00:00 0 
75d704000000-75d704021000 rw-p 00000000 00:00 0 
75d704021000-75d708000000 ---p 00000000 00:00 0 
75d708000000-75d708021000 rw-p 00000000 00:00 0 
75d708021000-75d70c000000 ---p 00000000 00:00 0 
75d710000000-75d710021000 rw-p 00000000 00:00 0 
75d710021000-75d714000000 ---p 00000000 00:00 0 
75d714000000-75d714021000 rw-p 00000000 00:00 0 
75d714021000-75d718000000 ---p 00000000 00:00 0 
75d71c000000-75d71c3f0000 rw-p 00000000 00:00 0 
75d71c3f0000-75d71c5d0000 rw-p 00000000 00:00 0 
75d71c5d0000-75d71c5f0000 rw-p 00000000 00:00 0 
75d71c5f0000-75d71c6f0000 rw-p 00000000 00:00 0 
75d71c6f0000-75d71c7f0000 rw-p 00000000 00:00 0 
75d71c7f0000-75d71c8f0000 rw-p 00000000 00:00 0 
75d71c8f0000-75d71c990000 rw-p 00000000 00:00 0 
75d71c990000-75d71ca00000 ---p 00000000 00:00 0 
75d71ca00000-75d71cad0000 rw-p 00000000 00:00 0 
75d71cad0000-75d720000000 ---p 00000000 00:00 0 
75d720000000-75d720021000 rw-p 00000000 00:00 0 
75d720021000-75d724000000 ---p 00000000 00:00 0 
75d727000000-75d727d2e000 rw-p 00001000 07:1d 518                        /snap/intellij-idea-ultimate/573/jbr/lib/server/classes.jsa
75d727d2e000-75d728000000 ---p 00000000 00:00 0 
75d728000000-75d728030000 rw-p 00000000 00:00 0 
75d728030000-75d728070000 rw-p 00000000 00:00 0 
75d728070000-75d7280b0000 rw-p 00000000 00:00 0 
75d7280b0000-75d728130000 rw-p 00000000 00:00 0 
75d728130000-75d728170000 rw-p 00000000 00:00 0 
75d728170000-75d728180000 ---p 00000000 00:00 0 
75d728180000-75d7281a0000 rw-p 00000000 00:00 0 
75d7281a0000-75d768000000 ---p 00000000 00:00 0 
75d768000000-75d768021000 rw-p 00000000 00:00 0 
75d768021000-75d76c000000 ---p 00000000 00:00 0 
75d76c000000-75d76c021000 rw-p 00000000 00:00 0 
75d76c021000-75d770000000 ---p 00000000 00:00 0 
75d773d13000-75d774021000 rw-p 00000000 00:00 0 
75d774021000-75d778000000 ---p 00000000 00:00 0 
75d778000000-75d778021000 rw-p 00000000 00:00 0 
75d778021000-75d77c000000 ---p 00000000 00:00 0 
75d77c158000-75d77c3f7000 rw-p 00000000 00:00 0 
75d77c3f7000-75d77c3fb000 ---p 00000000 00:00 0 
75d77c3fb000-75d77c4f7000 rw-p 00000000 00:00 0 
75d77c4f7000-75d77c4f8000 ---p 00000000 00:00 0 
75d77c4f8000-75d77c5f8000 rw-p 00000000 00:00 0 
75d77c5f8000-75d77c5f9000 ---p 00000000 00:00 0 
75d77c5f9000-75d77c6f9000 rw-p 00000000 00:00 0 
75d77c6f9000-75d77c6fa000 ---p 00000000 00:00 0 
75d77c6fa000-75d77c7fa000 rw-p 00000000 00:00 0 
75d77c7fa000-75d77c7fb000 ---p 00000000 00:00 0 
75d77c7fb000-75d77c8fb000 rw-p 00000000 00:00 0 
75d77c8fb000-75d77c8fc000 ---p 00000000 00:00 0 
75d77c8fc000-75d77c9fc000 rw-p 00000000 00:00 0 
75d77c9fc000-75d77c9fd000 ---p 00000000 00:00 0 
75d77c9fd000-75d77cafd000 rw-p 00000000 00:00 0 
75d77cafd000-75d77cafe000 ---p 00000000 00:00 0 
75d77cafe000-75d77cbfe000 rw-p 00000000 00:00 0 
75d77cbfe000-75d77cbff000 ---p 00000000 00:00 0 
75d77cbff000-75d77ccff000 rw-p 00000000 00:00 0 
75d77ccff000-75d77cd00000 ---p 00000000 00:00 0 
75d77cd00000-75d77ce00000 rw-p 00000000 00:00 0 
75d77ce00000-75d77ce04000 ---p 00000000 00:00 0 
75d77ce04000-75d77cf00000 rw-p 00000000 00:00 0 
75d77cf00000-75d77cf04000 ---p 00000000 00:00 0 
75d77cf04000-75d77d000000 rw-p 00000000 00:00 0 
75d77d000000-75d77d004000 ---p 00000000 00:00 0 
75d77d004000-75d77d100000 rw-p 00000000 00:00 0 
75d77d100000-75d77d104000 ---p 00000000 00:00 0 
75d77d104000-75d77d200000 rw-p 00000000 00:00 0 
75d77d200000-75d77d204000 ---p 00000000 00:00 0 
75d77d204000-75d77d300000 rw-p 00000000 00:00 0 
75d77d300000-75d77d304000 ---p 00000000 00:00 0 
75d77d304000-75d77d400000 rw-p 00000000 00:00 0 
75d77d400000-75d77d404000 ---p 00000000 00:00 0 
75d77d404000-75d77d500000 rw-p 00000000 00:00 0 
75d77d500000-75d77d504000 ---p 00000000 00:00 0 
75d77d504000-75d77d600000 rw-p 00000000 00:00 0 
75d77d600000-75d77d604000 ---p 00000000 00:00 0 
75d77d604000-75d77d700000 rw-p 00000000 00:00 0 
75d77d700000-75d77d704000 ---p 00000000 00:00 0 
75d77d704000-75d77d800000 rw-p 00000000 00:00 0 
75d77d800000-75d77d804000 ---p 00000000 00:00 0 
75d77d804000-75d77d900000 rw-p 00000000 00:00 0 
75d77d900000-75d77d904000 ---p 00000000 00:00 0 
75d77d904000-75d77da00000 rw-p 00000000 00:00 0 
75d77da00000-75d77da04000 ---p 00000000 00:00 0 
75d77da04000-75d77db00000 rw-p 00000000 00:00 0 
75d77db00000-75d77db04000 ---p 00000000 00:00 0 
75d77db04000-75d77dc00000 rw-p 00000000 00:00 0 
75d77dc00000-75d77dc04000 ---p 00000000 00:00 0 
75d77dc04000-75d77dd00000 rw-p 00000000 00:00 0 
75d77dd00000-75d77dd04000 ---p 00000000 00:00 0 
75d77dd04000-75d77de00000 rw-p 00000000 00:00 0 
75d77de00000-75d77de04000 ---p 00000000 00:00 0 
75d77de04000-75d77df00000 rw-p 00000000 00:00 0 
75d77df00000-75d77df04000 ---p 00000000 00:00 0 
75d77df04000-75d77e000000 rw-p 00000000 00:00 0 
75d77e000000-75d780021000 rw-p 00000000 00:00 0 
75d780021000-75d784004000 ---p 00000000 00:00 0 
75d784004000-75d784100000 rw-p 00000000 00:00 0 
75d784100000-75d784104000 ---p 00000000 00:00 0 
75d784104000-75d784200000 rw-p 00000000 00:00 0 
75d784200000-75d784204000 ---p 00000000 00:00 0 
75d784204000-75d784300000 rw-p 00000000 00:00 0 
75d784300000-75d784304000 ---p 00000000 00:00 0 
75d784304000-75d784400000 rw-p 00000000 00:00 0 
75d784400000-75d7846ec000 r--p 00000000 103:06 1703240                   /usr/lib/locale/locale-archive
75d7847d2000-75d7847d6000 ---p 00000000 00:00 0 
75d7847d6000-75d7848d2000 rw-p 00000000 00:00 0 
75d7848d2000-75d7848d3000 ---p 00000000 00:00 0 
75d7848d3000-75d7849d3000 rw-p 00000000 00:00 0 
75d7849d3000-75d7849d4000 ---p 00000000 00:00 0 
75d7849d4000-75d784ad4000 rw-p 00000000 00:00 0 
75d784bee000-75d784bef000 ---p 00000000 00:00 0 
75d784bef000-75d784cef000 rw-p 00000000 00:00 0 
75d784cef000-75d784cf0000 ---p 00000000 00:00 0 
75d784cf0000-75d784df0000 rw-p 00000000 00:00 0 
75d784df0000-75d785afd000 rw-p 00000000 00:00 0 
75d785afd000-75d785afe000 ---p 00000000 00:00 0 
75d785afe000-75d785bfe000 rw-p 00000000 00:00 0 
75d785bfe000-75d785bff000 ---p 00000000 00:00 0 
75d785bff000-75d785cff000 rw-p 00000000 00:00 0 
75d785cff000-75d785d00000 ---p 00000000 00:00 0 
75d785d00000-75d785e00000 rw-p 00000000 00:00 0 
75d785e00000-75d786000000 rw-p 00000000 00:00 0 
75d786000000-75d787df8000 ---p 00000000 00:00 0 
75d787df8000-75d787dfc000 rw-p 00000000 00:00 0 
75d787dfc000-75d787e40000 rw-p 00000000 00:00 0 
75d787e40000-75d7881ff000 ---p 00000000 00:00 0 
75d7881ff000-75d788240000 rw-p 00000000 00:00 0 
75d788240000-75d7885ff000 ---p 00000000 00:00 0 
75d7885ff000-75d788600000 rw-p 00000000 00:00 0 
75d78860b000-75d788612000 r--s 00000000 103:06 1703174                   /usr/lib/x86_64-linux-gnu/gconv/gconv-modules.cache
75d788612000-75d788614000 r--p 00000000 07:1d 431                        /snap/intellij-idea-ultimate/573/jbr/lib/libmanagement_ext.so
75d788614000-75d788617000 r-xp 00002000 07:1d 431                        /snap/intellij-idea-ultimate/573/jbr/lib/libmanagement_ext.so
75d788617000-75d788618000 r--p 00005000 07:1d 431                        /snap/intellij-idea-ultimate/573/jbr/lib/libmanagement_ext.so
75d788618000-75d788619000 ---p 00006000 07:1d 431                        /snap/intellij-idea-ultimate/573/jbr/lib/libmanagement_ext.so
75d788619000-75d78861a000 r--p 00006000 07:1d 431                        /snap/intellij-idea-ultimate/573/jbr/lib/libmanagement_ext.so
75d78861a000-75d789000000 rw-p 00000000 00:00 0 
75d789000000-75d7893a0000 rwxp 00000000 00:00 0 
75d7893a0000-75d79045f000 ---p 00000000 00:00 0 
75d79045f000-75d79076f000 rwxp 00000000 00:00 0 
75d79076f000-75d790ba0000 ---p 00000000 00:00 0 
75d790ba0000-75d790e10000 rwxp 00000000 00:00 0 
75d790e10000-75d798000000 ---p 00000000 00:00 0 
75d798004000-75d798045000 rw-p 00000000 00:00 0 
75d798045000-75d79c000000 r--s 00000000 07:1d 508                        /snap/intellij-idea-ultimate/573/jbr/lib/modules
75d79c000000-75d79c384000 rw-p 00000000 00:00 0 
75d79c384000-75d7a0000000 ---p 00000000 00:00 0 
75d7a0005000-75d7a0007000 r--p 00000000 07:1d 429                        /snap/intellij-idea-ultimate/573/jbr/lib/libmanagement.so
75d7a0007000-75d7a0008000 r-xp 00002000 07:1d 429                        /snap/intellij-idea-ultimate/573/jbr/lib/libmanagement.so
75d7a0008000-75d7a0009000 r--p 00003000 07:1d 429                        /snap/intellij-idea-ultimate/573/jbr/lib/libmanagement.so
75d7a0009000-75d7a000a000 r--p 00003000 07:1d 429                        /snap/intellij-idea-ultimate/573/jbr/lib/libmanagement.so
75d7a000a000-75d7a04d9000 rw-p 00000000 00:00 0 
75d7a04d9000-75d7a05bd000 ---p 00000000 00:00 0 
75d7a05bd000-75d7a05c5000 rw-p 00000000 00:00 0 
75d7a05c5000-75d7a06a6000 ---p 00000000 00:00 0 
75d7a06a6000-75d7a06aa000 ---p 00000000 00:00 0 
75d7a06aa000-75d7a07a6000 rw-p 00000000 00:00 0 
75d7a07a6000-75d7a07b6000 r--p 00000000 103:06 1703189                   /usr/lib/x86_64-linux-gnu/libm.so.6
75d7a07b6000-75d7a0835000 r-xp 00010000 103:06 1703189                   /usr/lib/x86_64-linux-gnu/libm.so.6
75d7a0835000-75d7a088d000 r--p 0008f000 103:06 1703189                   /usr/lib/x86_64-linux-gnu/libm.so.6
75d7a088d000-75d7a088e000 r--p 000e7000 103:06 1703189                   /usr/lib/x86_64-linux-gnu/libm.so.6
75d7a088e000-75d7a088f000 rw-p 000e8000 103:06 1703189                   /usr/lib/x86_64-linux-gnu/libm.so.6
75d7a088f000-75d7a0b32000 r--p 00000000 07:1d 521                        /snap/intellij-idea-ultimate/573/jbr/lib/server/libjvm.so
75d7a0b32000-75d7a199f000 r-xp 002a3000 07:1d 521                        /snap/intellij-idea-ultimate/573/jbr/lib/server/libjvm.so
75d7a199f000-75d7a1c85000 r--p 01110000 07:1d 521                        /snap/intellij-idea-ultimate/573/jbr/lib/server/libjvm.so
75d7a1c85000-75d7a1c86000 ---p 013f6000 07:1d 521                        /snap/intellij-idea-ultimate/573/jbr/lib/server/libjvm.so
75d7a1c86000-75d7a1d5a000 r--p 013f6000 07:1d 521                        /snap/intellij-idea-ultimate/573/jbr/lib/server/libjvm.so
75d7a1d5a000-75d7a1d8a000 rw-p 014ca000 07:1d 521                        /snap/intellij-idea-ultimate/573/jbr/lib/server/libjvm.so
75d7a1d8a000-75d7a1e00000 rw-p 00000000 00:00 0 
75d7a1e00000-75d7a1e28000 r--p 00000000 103:06 1703186                   /usr/lib/x86_64-linux-gnu/libc.so.6
75d7a1e28000-75d7a1fb0000 r-xp 00028000 103:06 1703186                   /usr/lib/x86_64-linux-gnu/libc.so.6
75d7a1fb0000-75d7a1fff000 r--p 001b0000 103:06 1703186                   /usr/lib/x86_64-linux-gnu/libc.so.6
75d7a1fff000-75d7a2003000 r--p 001fe000 103:06 1703186                   /usr/lib/x86_64-linux-gnu/libc.so.6
75d7a2003000-75d7a2005000 rw-p 00202000 103:06 1703186                   /usr/lib/x86_64-linux-gnu/libc.so.6
75d7a2005000-75d7a2012000 rw-p 00000000 00:00 0 
75d7a2017000-75d7a2018000 r--p 00000000 07:1d 441                        /snap/intellij-idea-ultimate/573/jbr/lib/librmi.so
75d7a2018000-75d7a2019000 r-xp 00001000 07:1d 441                        /snap/intellij-idea-ultimate/573/jbr/lib/librmi.so
75d7a2019000-75d7a201a000 r--p 00002000 07:1d 441                        /snap/intellij-idea-ultimate/573/jbr/lib/librmi.so
75d7a201a000-75d7a201b000 r--p 00002000 07:1d 441                        /snap/intellij-idea-ultimate/573/jbr/lib/librmi.so
75d7a201b000-75d7a201c000 rw-p 00000000 00:00 0 
75d7a201c000-75d7a201f000 r--p 00000000 07:1d 436                        /snap/intellij-idea-ultimate/573/jbr/lib/libnet.so
75d7a201f000-75d7a2027000 r-xp 00003000 07:1d 436                        /snap/intellij-idea-ultimate/573/jbr/lib/libnet.so
75d7a2027000-75d7a2029000 r--p 0000b000 07:1d 436                        /snap/intellij-idea-ultimate/573/jbr/lib/libnet.so
75d7a2029000-75d7a202a000 ---p 0000d000 07:1d 436                        /snap/intellij-idea-ultimate/573/jbr/lib/libnet.so
75d7a202a000-75d7a202b000 r--p 0000d000 07:1d 436                        /snap/intellij-idea-ultimate/573/jbr/lib/libnet.so
75d7a202b000-75d7a202c000 rw-p 00000000 00:00 0 
75d7a202c000-75d7a2033000 r--p 00000000 07:1d 439                        /snap/intellij-idea-ultimate/573/jbr/lib/libnio.so
75d7a2033000-75d7a203c000 r-xp 00007000 07:1d 439                        /snap/intellij-idea-ultimate/573/jbr/lib/libnio.so
75d7a203c000-75d7a2040000 r--p 00010000 07:1d 439                        /snap/intellij-idea-ultimate/573/jbr/lib/libnio.so
75d7a2040000-75d7a2041000 ---p 00014000 07:1d 439                        /snap/intellij-idea-ultimate/573/jbr/lib/libnio.so
75d7a2041000-75d7a2042000 r--p 00014000 07:1d 439                        /snap/intellij-idea-ultimate/573/jbr/lib/libnio.so
75d7a2042000-75d7a2043000 rw-p 00015000 07:1d 439                        /snap/intellij-idea-ultimate/573/jbr/lib/libnio.so
75d7a2043000-75d7a2045000 r--p 00000000 07:1d 451                        /snap/intellij-idea-ultimate/573/jbr/lib/libzip.so
75d7a2045000-75d7a2049000 r-xp 00002000 07:1d 451                        /snap/intellij-idea-ultimate/573/jbr/lib/libzip.so
75d7a2049000-75d7a204b000 r--p 00006000 07:1d 451                        /snap/intellij-idea-ultimate/573/jbr/lib/libzip.so
75d7a204b000-75d7a204c000 r--p 00007000 07:1d 451                        /snap/intellij-idea-ultimate/573/jbr/lib/libzip.so
75d7a204c000-75d7a2075000 rw-p 00000000 00:00 0 
75d7a2075000-75d7a207d000 ---p 00000000 00:00 0 
75d7a207d000-75d7a208a000 r--p 00000000 07:1d 416                        /snap/intellij-idea-ultimate/573/jbr/lib/libjava.so
75d7a208a000-75d7a2098000 r-xp 0000d000 07:1d 416                        /snap/intellij-idea-ultimate/573/jbr/lib/libjava.so
75d7a2098000-75d7a209d000 r--p 0001b000 07:1d 416                        /snap/intellij-idea-ultimate/573/jbr/lib/libjava.so
75d7a209d000-75d7a209e000 ---p 00020000 07:1d 416                        /snap/intellij-idea-ultimate/573/jbr/lib/libjava.so
75d7a209e000-75d7a209f000 r--p 00020000 07:1d 416                        /snap/intellij-idea-ultimate/573/jbr/lib/libjava.so
75d7a209f000-75d7a20a0000 rw-p 00021000 07:1d 416                        /snap/intellij-idea-ultimate/573/jbr/lib/libjava.so
75d7a20a0000-75d7a20a1000 rw-p 00000000 00:00 0 
75d7a20a1000-75d7a20a4000 r--p 00000000 07:1d 421                        /snap/intellij-idea-ultimate/573/jbr/lib/libjimage.so
75d7a20a4000-75d7a20b8000 r-xp 00003000 07:1d 421                        /snap/intellij-idea-ultimate/573/jbr/lib/libjimage.so
75d7a20b8000-75d7a20be000 r--p 00017000 07:1d 421                        /snap/intellij-idea-ultimate/573/jbr/lib/libjimage.so
75d7a20be000-75d7a20c0000 r--p 0001c000 07:1d 421                        /snap/intellij-idea-ultimate/573/jbr/lib/libjimage.so
75d7a20c0000-75d7a20c1000 rw-p 0001e000 07:1d 421                        /snap/intellij-idea-ultimate/573/jbr/lib/libjimage.so
75d7a20c1000-75d7a20c2000 r--p 00000000 103:06 1703200                   /usr/lib/x86_64-linux-gnu/librt.so.1
75d7a20c2000-75d7a20c3000 r-xp 00001000 103:06 1703200                   /usr/lib/x86_64-linux-gnu/librt.so.1
75d7a20c3000-75d7a20c4000 r--p 00002000 103:06 1703200                   /usr/lib/x86_64-linux-gnu/librt.so.1
75d7a20c4000-75d7a20c5000 r--p 00002000 103:06 1703200                   /usr/lib/x86_64-linux-gnu/librt.so.1
75d7a20c5000-75d7a20c6000 rw-p 00003000 103:06 1703200                   /usr/lib/x86_64-linux-gnu/librt.so.1
75d7a20c6000-75d7a20ca000 rw-p 00000000 00:00 0 
75d7a20ca000-75d7a20cb000 r--p 00000000 103:06 1703188                   /usr/lib/x86_64-linux-gnu/libdl.so.2
75d7a20cb000-75d7a20cc000 r-xp 00001000 103:06 1703188                   /usr/lib/x86_64-linux-gnu/libdl.so.2
75d7a20cc000-75d7a20cd000 r--p 00002000 103:06 1703188                   /usr/lib/x86_64-linux-gnu/libdl.so.2
75d7a20cd000-75d7a20ce000 r--p 00002000 103:06 1703188                   /usr/lib/x86_64-linux-gnu/libdl.so.2
75d7a20ce000-75d7a20cf000 rw-p 00003000 103:06 1703188                   /usr/lib/x86_64-linux-gnu/libdl.so.2
75d7a20cf000-75d7a20d0000 r--p 00000000 103:06 1703198                   /usr/lib/x86_64-linux-gnu/libpthread.so.0
75d7a20d0000-75d7a20d1000 r-xp 00001000 103:06 1703198                   /usr/lib/x86_64-linux-gnu/libpthread.so.0
75d7a20d1000-75d7a20d2000 r--p 00002000 103:06 1703198                   /usr/lib/x86_64-linux-gnu/libpthread.so.0
75d7a20d2000-75d7a20d3000 r--p 00002000 103:06 1703198                   /usr/lib/x86_64-linux-gnu/libpthread.so.0
75d7a20d3000-75d7a20d4000 rw-p 00003000 103:06 1703198                   /usr/lib/x86_64-linux-gnu/libpthread.so.0
75d7a20d4000-75d7a20d6000 r--p 00000000 07:1d 422                        /snap/intellij-idea-ultimate/573/jbr/lib/libjli.so
75d7a20d6000-75d7a20e0000 r-xp 00002000 07:1d 422                        /snap/intellij-idea-ultimate/573/jbr/lib/libjli.so
75d7a20e0000-75d7a20e3000 r--p 0000c000 07:1d 422                        /snap/intellij-idea-ultimate/573/jbr/lib/libjli.so
75d7a20e3000-75d7a20e4000 ---p 0000f000 07:1d 422                        /snap/intellij-idea-ultimate/573/jbr/lib/libjli.so
75d7a20e4000-75d7a20e5000 r--p 0000f000 07:1d 422                        /snap/intellij-idea-ultimate/573/jbr/lib/libjli.so
75d7a20e5000-75d7a20e6000 rw-p 00010000 07:1d 422                        /snap/intellij-idea-ultimate/573/jbr/lib/libjli.so
75d7a20e6000-75d7a20e8000 r--p 00000000 103:06 1716700                   /usr/lib/x86_64-linux-gnu/libz.so.1.3
75d7a20e8000-75d7a20fa000 r-xp 00002000 103:06 1716700                   /usr/lib/x86_64-linux-gnu/libz.so.1.3
75d7a20fa000-75d7a2100000 r--p 00014000 103:06 1716700                   /usr/lib/x86_64-linux-gnu/libz.so.1.3
75d7a2100000-75d7a2101000 r--p 0001a000 103:06 1716700                   /usr/lib/x86_64-linux-gnu/libz.so.1.3
75d7a2101000-75d7a2102000 rw-p 0001b000 103:06 1716700                   /usr/lib/x86_64-linux-gnu/libz.so.1.3
75d7a2106000-75d7a2107000 r--p 00000000 07:1d 407                        /snap/intellij-idea-ultimate/573/jbr/lib/libextnet.so
75d7a2107000-75d7a2108000 r-xp 00001000 07:1d 407                        /snap/intellij-idea-ultimate/573/jbr/lib/libextnet.so
75d7a2108000-75d7a2109000 r--p 00002000 07:1d 407                        /snap/intellij-idea-ultimate/573/jbr/lib/libextnet.so
75d7a2109000-75d7a210a000 r--p 00002000 07:1d 407                        /snap/intellij-idea-ultimate/573/jbr/lib/libextnet.so
75d7a210a000-75d7a210b000 rw-p 00000000 00:00 0 
75d7a210b000-75d7a2113000 rw-s 00000000 103:06 916115                    /tmp/hsperfdata_halva/57049
75d7a2113000-75d7a2114000 ---p 00000000 00:00 0 
75d7a2114000-75d7a2115000 r--p 00000000 00:00 0 
75d7a2115000-75d7a2116000 ---p 00000000 00:00 0 
75d7a2116000-75d7a2118000 rw-p 00000000 00:00 0 
75d7a2118000-75d7a211c000 r--p 00000000 00:00 0                          [vvar]
75d7a211c000-75d7a211e000 r-xp 00000000 00:00 0                          [vdso]
75d7a211e000-75d7a211f000 r--p 00000000 103:06 1703183                   /usr/lib/x86_64-linux-gnu/ld-linux-x86-64.so.2
75d7a211f000-75d7a214a000 r-xp 00001000 103:06 1703183                   /usr/lib/x86_64-linux-gnu/ld-linux-x86-64.so.2
75d7a214a000-75d7a2154000 r--p 0002c000 103:06 1703183                   /usr/lib/x86_64-linux-gnu/ld-linux-x86-64.so.2
75d7a2154000-75d7a2156000 r--p 00036000 103:06 1703183                   /usr/lib/x86_64-linux-gnu/ld-linux-x86-64.so.2
75d7a2156000-75d7a2158000 rw-p 00038000 103:06 1703183                   /usr/lib/x86_64-linux-gnu/ld-linux-x86-64.so.2
7fff9608a000-7fff960ac000 rw-p 00000000 00:00 0                          [stack]
ffffffffff600000-ffffffffff601000 --xp 00000000 00:00 0                  [vsyscall]
Total number of mappings: 326


VM Arguments:
jvm_args: -Djava.rmi.server.hostname=127.0.0.1 -Duser.timezone=UTC -Xmx2048m -Xms128m -Djdbc.classpath=/tmp/RemoteDriver8.classpath.txt --add-exports=java.desktop/sun.awt=ALL-UNNAMED --add-exports=java.desktop/java.awt.peer=ALL-UNNAMED --add-opens=java.desktop/java.awt=ALL-UNNAMED --add-opens=jdk.unsupported/sun.misc=ALL-UNNAMED --add-opens=java.base/java.nio=ALL-UNNAMED --add-opens=java.base/java.util=ALL-UNNAMED -Dfile.encoding=UTF-8 -Dsun.stdout.encoding=UTF-8 -Dsun.stderr.encoding=UTF-8 -Dawt.toolkit.name=XToolkit 
java_command: com.intellij.database.remote.RemoteJdbcServer org.postgresql.Driver
java_class_path (initial): /snap/intellij-idea-ultimate/573/lib/util_rt.jar:/snap/intellij-idea-ultimate/573/lib/util-8.jar:/snap/intellij-idea-ultimate/573/lib/groovy.jar:/snap/intellij-idea-ultimate/573/plugins/DatabaseTools/lib/jdbc-console.jar:/snap/intellij-idea-ultimate/573/plugins/grid-core-impl/lib/jdbc-console-types.jar:/snap/intellij-idea-ultimate/573/lib/util.jar:/snap/intellij-idea-ultimate/573/lib/bouncy-castle.jar
Launcher Type: SUN_STANDARD

[Global flags]
     intx CICompilerCount                          = 12                                        {product} {ergonomic}
     uint ConcGCThreads                            = 3                                         {product} {ergonomic}
     uint G1ConcRefinementThreads                  = 13                                        {product} {ergonomic}
   size_t G1HeapRegionSize                         = 1048576                                   {product} {ergonomic}
    uintx GCDrainStackTargetSize                   = 64                                        {product} {ergonomic}
   size_t InitialHeapSize                          = 134217728                                 {product} {command line}
   size_t MarkStackSize                            = 4194304                                   {product} {ergonomic}
   size_t MaxHeapSize                              = 2147483648                                {product} {command line}
   size_t MaxNewSize                               = 1287651328                                {product} {ergonomic}
   size_t MinHeapDeltaBytes                        = 1048576                                   {product} {ergonomic}
   size_t MinHeapSize                              = 134217728                                 {product} {command line}
    uintx NonNMethodCodeHeapSize                   = 7602480                                {pd product} {ergonomic}
    uintx NonProfiledCodeHeapSize                  = 122027880                              {pd product} {ergonomic}
    uintx ProfiledCodeHeapSize                     = 122027880                              {pd product} {ergonomic}
    uintx ReservedCodeCacheSize                    = 251658240                              {pd product} {ergonomic}
     bool SegmentedCodeCache                       = true                                      {product} {ergonomic}
   size_t SoftMaxHeapSize                          = 2147483648                             {manageable} {ergonomic}
     bool UseCompressedOops                        = true                           {product lp64_product} {ergonomic}
     bool UseG1GC                                  = true                                      {product} {ergonomic}

Logging:
Log output configuration:
 #0: stdout all=warning uptime,level,tags foldmultilines=false
 #1: stderr all=off uptime,level,tags foldmultilines=false

Environment Variables:
PATH=/usr/local/sbin:/usr/local/bin:/usr/sbin:/usr/bin:/sbin:/bin:/usr/games:/usr/local/games:/snap/bin:/snap/bin
USERNAME=halva
SHELL=/bin/bash
DISPLAY=:0
LANG=ru_RU.UTF-8

Active Locale:
LC_ALL=ru_RU.UTF-8
LC_COLLATE=ru_RU.UTF-8
LC_CTYPE=ru_RU.UTF-8
LC_MESSAGES=ru_RU.UTF-8
LC_MONETARY=ru_RU.UTF-8
LC_NUMERIC=ru_RU.UTF-8
LC_TIME=ru_RU.UTF-8

Signal Handlers:
   SIGSEGV: crash_handler in libjvm.so, mask=11100100010111111101111111111110, flags=SA_RESTART|SA_SIGINFO, unblocked
    SIGBUS: crash_handler in libjvm.so, mask=11100100010111111101111111111110, flags=SA_RESTART|SA_SIGINFO, unblocked
    SIGFPE: crash_handler in libjvm.so, mask=11100100010111111101111111111110, flags=SA_RESTART|SA_SIGINFO, unblocked
   SIGPIPE: javaSignalHandler in libjvm.so, mask=11100100010111111101111111111110, flags=SA_RESTART|SA_SIGINFO, blocked
   SIGXFSZ: javaSignalHandler in libjvm.so, mask=11100100010111111101111111111110, flags=SA_RESTART|SA_SIGINFO, blocked
    SIGILL: crash_handler in libjvm.so, mask=11100100010111111101111111111110, flags=SA_RESTART|SA_SIGINFO, unblocked
   SIGUSR2: SR_handler in libjvm.so, mask=00000000000000000000000000000000, flags=SA_RESTART|SA_SIGINFO, blocked
    SIGHUP: UserHandler in libjvm.so, mask=11100100010111111101111111111110, flags=SA_RESTART|SA_SIGINFO, blocked
    SIGINT: UserHandler in libjvm.so, mask=11100100010111111101111111111110, flags=SA_RESTART|SA_SIGINFO, blocked
   SIGTERM: UserHandler in libjvm.so, mask=11100100010111111101111111111110, flags=SA_RESTART|SA_SIGINFO, blocked
   SIGQUIT: UserHandler in libjvm.so, mask=11100100010111111101111111111110, flags=SA_RESTART|SA_SIGINFO, blocked
   SIGTRAP: crash_handler in libjvm.so, mask=11100100010111111101111111111110, flags=SA_RESTART|SA_SIGINFO, unblocked


Periodic native trim disabled

JNI global refs:
JNI global refs: 26, weak refs: 0

JNI global refs memory usage: 859, weak refs: 857

Process memory usage:
Resident Set Size: 127828K (0% of 14165932K total physical memory with 3953836K free physical memory)

OOME stack traces (most recent first):
Classloader memory used:
Loader bootstrap                                                                       : 6922K
Loader jdk.internal.loader.ClassLoaders$AppClassLoader                                 : 2883K
Loader com.intellij.database.remote.jdbc.impl.JdbcClassLoader$JdbcClassLoaderImpl      : 1600K
Loader jdk.internal.loader.ClassLoaders$PlatformClassLoader                            : 344K
Loader jdk.internal.reflect.DelegatingClassLoader                                      : 91440B
Loader com.intellij.database.remote.jdbc.impl.JdbcClassLoader$1                        : 7408B

---------------  S Y S T E M  ---------------

OS:
DISTRIB_ID=Ubuntu
DISTRIB_RELEASE=24.04
DISTRIB_CODENAME=noble
DISTRIB_DESCRIPTION="Ubuntu 24.04.2 LTS"
uname: Linux 6.11.0-17-generic #17~24.04.2-Ubuntu SMP PREEMPT_DYNAMIC Mon Jan 20 22:48:29 UTC 2 x86_64
OS uptime: 0 days 3:26 hours
libc: glibc 2.39 NPTL 2.39 
rlimit (soft/hard): STACK 8192k/infinity , CORE 0k/infinity , NPROC 54615/54615 , NOFILE 1048576/1048576 , AS infinity/infinity , CPU infinity/infinity , DATA infinity/infinity , FSIZE infinity/infinity , MEMLOCK 1770740k/1770740k
load average: 2,47 1,29 1,08

/proc/meminfo:
MemTotal:       14165932 kB
MemFree:          488580 kB
MemAvailable:    3953836 kB
Buffers:           89004 kB
Cached:          4647060 kB
SwapCached:        14020 kB
Active:          9006048 kB
Inactive:        3761612 kB
Active(anon):    7735844 kB
Inactive(anon):  1386520 kB
Active(file):    1270204 kB
Inactive(file):  2375092 kB
Unevictable:          48 kB
Mlocked:              48 kB
SwapTotal:       4194300 kB
SwapFree:        3551228 kB
Zswap:                 0 kB
Zswapped:              0 kB
Dirty:              5880 kB
Writeback:             0 kB
AnonPages:       8020808 kB
Mapped:          3032916 kB
Shmem:           1090708 kB
KReclaimable:     127820 kB
Slab:             479916 kB
SReclaimable:     127820 kB
SUnreclaim:       352096 kB
KernelStack:       32304 kB
PageTables:        82304 kB
SecPageTables:      6860 kB
NFS_Unstable:          0 kB
Bounce:                0 kB
WritebackTmp:          0 kB
CommitLimit:    11277264 kB
Committed_AS:   33969656 kB
VmallocTotal:   34359738367 kB
VmallocUsed:       97204 kB
VmallocChunk:          0 kB
Percpu:            14144 kB
HardwareCorrupted:     0 kB
AnonHugePages:         0 kB
ShmemHugePages:        0 kB
ShmemPmdMapped:        0 kB
FileHugePages:         0 kB
FilePmdMapped:         0 kB
Unaccepted:            0 kB
HugePages_Total:       0
HugePages_Free:        0
HugePages_Rsvd:        0
HugePages_Surp:        0
Hugepagesize:       2048 kB
Hugetlb:               0 kB
DirectMap4k:      659584 kB
DirectMap2M:    11782144 kB
DirectMap1G:     2097152 kB

/sys/kernel/mm/transparent_hugepage/enabled: always [madvise] never
/sys/kernel/mm/transparent_hugepage/hpage_pmd_size: 2097152
/sys/kernel/mm/transparent_hugepage/defrag (defrag/compaction efforts parameter): always defer defer+madvise [madvise] never

Process Memory:
Virtual Size: 6407416K (peak: 6408516K)
Resident Set Size: 127828K (peak: 127828K) (anon: 94644K, file: 33184K, shmem: 0K)
Swapped out: 0K
C-Heap outstanding allocations: 59361K, retained: 6502K
glibc malloc tunables: (default)

/proc/sys/kernel/threads-max (system-wide limit on the number of threads): 109230
/proc/sys/vm/max_map_count (maximum number of memory map areas a process may have): 1048576
/proc/sys/vm/swappiness (control to define how aggressively the kernel swaps out anonymous memory): 60
/proc/sys/kernel/pid_max (system-wide limit on number of process identifiers): 4194304

container (cgroup) information:
container_type: cgroupv2
cpu_cpuset_cpus: not supported
cpu_memory_nodes: not supported
active_processor_count: 16
cpu_quota: not supported
cpu_period: not supported
cpu_shares: not supported
memory_limit_in_bytes: unlimited
memory_and_swap_limit_in_bytes: unlimited
memory_soft_limit_in_bytes: unlimited
memory_usage_in_bytes: 5986864 k
memory_max_usage_in_bytes: not supported
memory_swap_current_in_bytes: unlimited
memory_swap_max_limit_in_bytes: unlimited
maximum number of tasks: 16384
current number of tasks: 356

Steal ticks since vm start: 0
Steal ticks percentage since vm start:  0,000

CPU: total 16 (initial active 16) (16 cores per cpu, 2 threads per core) family 23 model 104 stepping 1 microcode 0x8608102, cx8, cmov, fxsr, ht, mmx, 3dnowpref, sse, sse2, sse3, ssse3, sse4a, sse4.1, sse4.2, popcnt, lzcnt, tsc, tscinvbit, avx, avx2, aes, clmul, bmi1, bmi2, adx, sha, fma, vzeroupper, clflush, clflushopt, rdtscp, rdpid, f16c
CPU Model and flags from /proc/cpuinfo:
model name	: AMD Ryzen 7 5700U with Radeon Graphics
flags		: fpu vme de pse tsc msr pae mce cx8 apic sep mtrr pge mca cmov pat pse36 clflush mmx fxsr sse sse2 ht syscall nx mmxext fxsr_opt pdpe1gb rdtscp lm constant_tsc rep_good nopl xtopology nonstop_tsc cpuid extd_apicid aperfmperf rapl pni pclmulqdq monitor ssse3 fma cx16 sse4_1 sse4_2 movbe popcnt aes xsave avx f16c rdrand lahf_lm cmp_legacy svm extapic cr8_legacy abm sse4a misalignsse 3dnowprefetch osvw ibs skinit wdt tce topoext perfctr_core perfctr_nb bpext perfctr_llc mwaitx cpb cat_l3 cdp_l3 hw_pstate ssbd mba ibrs ibpb stibp vmmcall fsgsbase bmi1 avx2 smep bmi2 cqm rdt_a rdseed adx smap clflushopt clwb sha_ni xsaveopt xsavec xgetbv1 cqm_llc cqm_occup_llc cqm_mbm_total cqm_mbm_local clzero irperf xsaveerptr rdpru wbnoinvd cppc arat npt lbrv svm_lock nrip_save tsc_scale vmcb_clean flushbyasid decodeassists pausefilter pfthreshold avic v_vmsave_vmload vgif v_spec_ctrl umip rdpid overflow_recov succor smca

Online cpus: 0-15
Offline cpus: 
BIOS frequency limitation: <Not Available>
Frequency switch latency (ns): 0
Available cpu frequencies: <Not Available>
Current governor: powersave
Core performance/turbo boost: 1

Memory: 4k page, physical 14165932k(3953836k free), swap 4194300k(3551228k free)
Page Sizes: 4k

vm_info: OpenJDK 64-Bit Server VM (21.0.6+8-b631.39) for linux-amd64 JRE (21.0.6+8-b631.39), built on 2025-02-04 by "builduser" with gcc 10.2.1 20210130 (Red Hat 10.2.1-11.1.0.1)

END.
